{"issuedBy":"edrichhans","issuedTo":"80","level":"info","message":"Payslip Edited","timestamp":"2017-05-03T13:34:09.370Z"}
{"issuedBy":"edrichhans","issuedTo":"11","level":"info","message":"Payslip Edited","timestamp":"2017-05-03T13:34:31.490Z"}
{"issuedBy":"edrichhans","issuedTo":"11","level":"info","message":"Thirteenth Month Pay Issued","timestamp":"2017-05-03T13:39:48.418Z"}
{"level":"info","message":"Employee added","timestamp":"2017-05-03T13:42:56.632Z"}
{"issuedTo":11,"level":"info","message":"Payslip Issued","timestamp":"2017-05-03T13:42:57.880Z"}
{"issuedTo":11,"level":"info","message":"Thirteenth Month Pay Issued","timestamp":"2017-05-03T13:42:58.187Z"}
{"issuedTo":"Edrich Chua","level":"info","message":"Acknowledgement Receipt Issued","timestamp":"2017-05-03T13:42:58.481Z"}
{"issuedTo":"Edrich Chua","level":"info","message":"Petty Cash Issued","timestamp":"2017-05-03T13:42:58.714Z"}
{"issuedTo":"Edrich Chua","level":"info","message":"Check Voucher Issued","timestamp":"2017-05-03T13:42:58.918Z"}
{"level":"info","message":"BIR Updated!","timestamp":"2017-05-03T13:42:59.263Z"}
{"level":"info","message":"SSS Updated!","timestamp":"2017-05-03T13:42:59.578Z"}
{"level":"info","message":"PhilHealth Updated!","timestamp":"2017-05-03T13:43:00.017Z"}
{"level":"info","message":"Employee added","timestamp":"2017-05-03T13:43:50.840Z"}
{"issuedTo":11,"level":"info","message":"Thirteenth Month Pay Issued","timestamp":"2017-05-03T13:43:54.098Z"}
{"issuedTo":"Edrich Chua","level":"info","message":"Acknowledgement Receipt Issued","timestamp":"2017-05-03T13:43:54.369Z"}
{"issuedTo":"Edrich Chua","level":"info","message":"Petty Cash Issued","timestamp":"2017-05-03T13:43:54.594Z"}
{"issuedTo":"Edrich Chua","level":"info","message":"Check Voucher Issued","timestamp":"2017-05-03T13:43:54.790Z"}
{"level":"info","message":"BIR Updated!","timestamp":"2017-05-03T13:43:55.013Z"}
{"level":"info","message":"SSS Updated!","timestamp":"2017-05-03T13:43:55.201Z"}
{"level":"info","message":"PhilHealth Updated!","timestamp":"2017-05-03T13:43:55.411Z"}
{"level":"info","message":"Employee added","timestamp":"2017-05-03T13:57:17.671Z"}
{"issuedTo":11,"level":"info","message":"Payslip Issued","timestamp":"2017-05-03T13:57:18.782Z"}
{"issuedTo":11,"level":"info","message":"Payslip Edited","timestamp":"2017-05-03T13:57:18.879Z"}
{"issuedTo":11,"level":"info","message":"Thirteenth Month Pay Issued","timestamp":"2017-05-03T13:57:19.092Z"}
{"issuedTo":"Edrich Chua","level":"info","message":"Acknowledgement Receipt Issued","timestamp":"2017-05-03T13:57:19.367Z"}
{"issuedTo":"Edrich Chua","level":"info","message":"Petty Cash Issued","timestamp":"2017-05-03T13:57:19.575Z"}
{"issuedTo":"Edrich Chua","level":"info","message":"Check Voucher Issued","timestamp":"2017-05-03T13:57:19.780Z"}
{"level":"info","message":"BIR Updated!","timestamp":"2017-05-03T13:57:19.997Z"}
{"level":"info","message":"SSS Updated!","timestamp":"2017-05-03T13:57:20.262Z"}
{"level":"info","message":"PhilHealth Updated!","timestamp":"2017-05-03T13:57:20.451Z"}
{"issuedBy":"edrichhans","issuedTo":"11","level":"info","message":"Thirteenth Month Pay Issued","timestamp":"2017-05-03T15:34:51.026Z"}
