{"level":"info","message":"Payslip Issued","timestamp":"2017-02-27T12:39:43.951Z"}
{"issuedBy":"edrichhans","level":"info","message":"Payslip Issued","timestamp":"2017-02-27T12:40:13.612Z"}
{"issuedBy":"edrichhans","level":"info","message":"Payslip Issued","timestamp":"2017-02-27T12:50:25.933Z"}
{"issuedBy":"edrichhans","issuedToEID":"6","level":"info","message":"Payslip Issued","timestamp":"2017-02-27T12:55:11.219Z"}
{"issuedBy":"edrichhans","issuedToEID":"6","level":"info","message":"Payslip Issued","timestamp":"2017-02-28T00:37:43.155Z"}
{"issuedBy":"edrichhans","issuedTo":"zdvcsd","level":"info","message":"Petty Cash Issued","timestamp":"2017-02-28T02:06:46.374Z"}
{"issuedBy":"edrichhans","issuedTo":"qwdfsgs","level":"info","message":"Acknowledgement Receipt Issued","timestamp":"2017-02-28T02:27:32.283Z"}
{"issuedBy":"edrichhans","issuedTo":"6","level":"info","message":"Payslip Issued","timestamp":"2017-02-28T11:41:06.396Z"}
{"level":"info","message":"Payslip Issued","timestamp":"2017-03-01T16:11:29.199Z"}
{"level":"info","message":"Payslip Issued","timestamp":"2017-03-02T09:09:22.610Z"}
{"level":"info","message":"Payslip Issued","timestamp":"2017-03-02T09:12:17.189Z"}
{"level":"info","message":"Payslip Issued","timestamp":"2017-03-02T09:13:14.020Z"}
{"level":"info","message":"Payslip Issued","timestamp":"2017-03-02T09:13:49.748Z"}
{"level":"info","message":"Payslip Issued","timestamp":"2017-03-02T09:14:23.168Z"}
{"level":"info","message":"Payslip Issued","timestamp":"2017-03-02T09:15:09.765Z"}
{"level":"info","message":"Payslip Issued","timestamp":"2017-03-02T09:15:30.916Z"}
{"level":"info","message":"Payslip Issued","timestamp":"2017-03-02T09:16:39.873Z"}
{"level":"info","message":"Payslip Issued","timestamp":"2017-03-02T09:17:23.269Z"}
{"level":"info","message":"Payslip Issued","timestamp":"2017-03-02T09:21:42.614Z"}
{"level":"info","message":"Payslip Issued","timestamp":"2017-03-02T09:22:20.414Z"}
{"level":"info","message":"Payslip Issued","timestamp":"2017-03-02T09:34:33.312Z"}
{"level":"info","message":"Payslip Issued","timestamp":"2017-03-02T09:37:42.796Z"}
{"level":"info","message":"Payslip Issued","timestamp":"2017-03-02T09:43:13.260Z"}
{"level":"info","message":"Payslip Issued","timestamp":"2017-03-02T09:44:17.916Z"}
{"level":"info","message":"Payslip Issued","timestamp":"2017-03-02T09:44:25.016Z"}
{"level":"info","message":"Payslip Issued","timestamp":"2017-03-02T09:44:44.705Z"}
{"level":"info","message":"Payslip Issued","timestamp":"2017-03-02T09:45:21.052Z"}
{"level":"info","message":"Payslip Issued","timestamp":"2017-03-02T09:45:46.942Z"}
{"level":"info","message":"Payslip Issued","timestamp":"2017-03-02T09:46:10.739Z"}
{"level":"info","message":"Payslip Issued","timestamp":"2017-03-02T10:09:45.212Z"}
{"level":"info","message":"Payslip Issued","timestamp":"2017-03-02T10:10:11.055Z"}
{"level":"info","message":"Payslip Issued","timestamp":"2017-03-02T10:11:30.720Z"}
{"level":"info","message":"Payslip Issued","timestamp":"2017-03-02T10:32:54.228Z"}
{"level":"info","message":"Payslip Issued","timestamp":"2017-03-02T10:35:03.168Z"}
{"level":"info","message":"Payslip Issued","timestamp":"2017-03-02T10:37:33.525Z"}
{"level":"info","message":"Payslip Issued","timestamp":"2017-03-02T10:44:08.107Z"}
{"level":"info","message":"Payslip Issued","timestamp":"2017-03-02T10:59:19.122Z"}
{"level":"info","message":"Payslip Issued","timestamp":"2017-03-02T11:00:31.333Z"}
{"level":"info","message":"Payslip Issued","timestamp":"2017-03-02T11:02:04.281Z"}
{"level":"info","message":"Payslip Issued","timestamp":"2017-03-02T11:03:16.762Z"}
{"level":"info","message":"Payslip Issued","timestamp":"2017-03-02T11:03:53.865Z"}
{"level":"info","message":"Payslip Issued","timestamp":"2017-03-02T11:04:13.743Z"}
{"level":"info","message":"Payslip Issued","timestamp":"2017-03-02T11:05:13.281Z"}
{"level":"info","message":"Payslip Issued","timestamp":"2017-03-02T11:06:48.261Z"}
{"level":"info","message":"Payslip Issued","timestamp":"2017-03-02T11:07:33.716Z"}
{"level":"info","message":"Payslip Issued","timestamp":"2017-03-02T15:03:43.660Z"}
{"level":"info","message":"Payslip Issued","timestamp":"2017-03-03T14:59:58.372Z"}
{"level":"info","message":"Payslip Issued","timestamp":"2017-03-03T15:00:27.854Z"}
{"level":"info","message":"Payslip Issued","timestamp":"2017-03-03T15:25:38.322Z"}
{"level":"info","message":"Payslip Issued","timestamp":"2017-03-03T15:34:32.499Z"}
{"level":"info","message":"Payslip Issued","timestamp":"2017-03-03T15:36:14.706Z"}
{"level":"info","message":"Payslip Issued","timestamp":"2017-03-03T15:44:17.923Z"}
{"level":"info","message":"Payslip Issued","timestamp":"2017-03-03T15:45:48.434Z"}
{"level":"info","message":"Payslip Issued","timestamp":"2017-03-03T15:46:03.150Z"}
{"level":"info","message":"Payslip Issued","timestamp":"2017-03-03T15:49:07.145Z"}
{"level":"info","message":"Payslip Issued","timestamp":"2017-03-03T15:50:50.776Z"}
{"issuedTo":6,"level":"info","message":"Payslip Issued","timestamp":"2017-03-03T15:55:06.839Z"}
{"issuedTo":6,"level":"info","message":"Payslip Issued","timestamp":"2017-03-03T15:56:29.821Z"}
{"issuedTo":6,"level":"info","message":"Payslip Issued","timestamp":"2017-03-03T15:57:08.755Z"}
{"issuedTo":6,"level":"info","message":"Payslip Issued","timestamp":"2017-03-03T15:57:52.618Z"}
{"issuedTo":6,"level":"info","message":"Payslip Issued","timestamp":"2017-03-03T15:58:47.502Z"}
{"issuedTo":6,"level":"info","message":"Payslip Issued","timestamp":"2017-03-03T16:00:04.717Z"}
{"issuedTo":6,"level":"info","message":"Payslip Issued","timestamp":"2017-03-03T16:00:22.687Z"}
{"issuedTo":6,"level":"info","message":"Payslip Issued","timestamp":"2017-03-03T16:04:57.856Z"}
{"issuedTo":6,"level":"info","message":"Payslip Issued","timestamp":"2017-03-03T16:05:22.284Z"}
{"issuedTo":6,"level":"info","message":"Payslip Issued","timestamp":"2017-03-03T16:13:21.744Z"}
{"issuedTo":6,"level":"info","message":"Payslip Issued","timestamp":"2017-03-03T16:13:47.624Z"}
{"issuedTo":6,"level":"info","message":"Payslip Issued","timestamp":"2017-03-03T16:18:16.146Z"}
{"issuedTo":6,"level":"info","message":"Payslip Issued","timestamp":"2017-03-03T16:19:29.358Z"}
{"issuedTo":6,"level":"info","message":"Payslip Issued","timestamp":"2017-03-03T16:20:37.860Z"}
{"issuedTo":6,"level":"info","message":"Payslip Issued","timestamp":"2017-03-03T16:21:18.394Z"}
{"issuedTo":6,"level":"info","message":"Payslip Issued","timestamp":"2017-03-03T16:25:34.524Z"}
{"issuedTo":6,"level":"info","message":"Payslip Issued","timestamp":"2017-03-03T16:29:02.870Z"}
{"issuedTo":6,"level":"info","message":"Payslip Issued","timestamp":"2017-03-03T16:29:51.638Z"}
{"issuedTo":6,"level":"info","message":"Payslip Issued","timestamp":"2017-03-03T16:30:08.076Z"}
{"issuedTo":6,"level":"info","message":"Payslip Issued","timestamp":"2017-03-03T16:30:53.722Z"}
{"issuedTo":6,"level":"info","message":"Payslip Issued","timestamp":"2017-03-03T16:32:44.549Z"}
{"issuedTo":6,"level":"info","message":"Payslip Issued","timestamp":"2017-03-03T16:33:25.351Z"}
{"issuedTo":6,"level":"info","message":"Payslip Issued","timestamp":"2017-03-03T16:34:12.013Z"}
{"issuedTo":6,"level":"info","message":"Payslip Issued","timestamp":"2017-03-03T16:34:41.630Z"}
{"issuedTo":6,"level":"info","message":"Payslip Issued","timestamp":"2017-03-03T16:44:51.150Z"}
{"issuedTo":6,"level":"info","message":"Payslip Issued","timestamp":"2017-03-03T16:45:41.168Z"}
{"issuedTo":6,"level":"info","message":"Payslip Issued","timestamp":"2017-03-03T16:48:37.438Z"}
{"issuedTo":6,"level":"info","message":"Payslip Issued","timestamp":"2017-03-03T16:49:09.061Z"}
{"issuedTo":6,"level":"info","message":"Payslip Issued","timestamp":"2017-03-03T16:52:02.301Z"}
{"issuedTo":6,"level":"info","message":"Payslip Issued","timestamp":"2017-03-03T17:40:16.475Z"}
{"issuedTo":6,"level":"info","message":"Payslip Issued","timestamp":"2017-03-03T17:48:01.547Z"}
{"issuedTo":6,"level":"info","message":"Payslip Issued","timestamp":"2017-03-03T17:49:39.824Z"}
{"issuedTo":6,"level":"info","message":"Payslip Issued","timestamp":"2017-03-03T17:52:07.926Z"}
{"issuedTo":6,"level":"info","message":"Payslip Issued","timestamp":"2017-03-03T17:53:14.979Z"}
{"issuedTo":6,"level":"info","message":"Payslip Issued","timestamp":"2017-03-03T17:54:41.565Z"}
{"issuedTo":6,"level":"info","message":"Payslip Issued","timestamp":"2017-03-04T02:39:26.985Z"}
<<<<<<< HEAD
{"issuedTo":6,"level":"info","message":"Payslip Issued","timestamp":"2017-03-05T13:13:24.801Z"}
{"issuedTo":6,"level":"info","message":"Payslip Issued","timestamp":"2017-03-05T13:13:57.000Z"}
{"issuedTo":6,"level":"info","message":"Payslip Issued","timestamp":"2017-03-05T13:23:04.514Z"}
{"issuedTo":6,"level":"info","message":"Payslip Issued","timestamp":"2017-03-05T13:33:15.291Z"}
{"issuedTo":6,"level":"info","message":"Thirteenth Month Pay Issued","timestamp":"2017-03-05T13:33:15.447Z"}
{"issuedTo":6,"level":"info","message":"Payslip Issued","timestamp":"2017-03-05T13:36:42.373Z"}
{"issuedTo":6,"level":"info","message":"Thirteenth Month Pay Issued","timestamp":"2017-03-05T13:36:42.488Z"}
{"issuedTo":6,"level":"info","message":"Payslip Issued","timestamp":"2017-03-06T08:12:51.619Z"}
{"issuedTo":6,"level":"info","message":"Thirteenth Month Pay Issued","timestamp":"2017-03-06T08:12:51.729Z"}
{"issuedTo":6,"level":"info","message":"Payslip Issued","timestamp":"2017-03-06T08:13:11.824Z"}
{"issuedTo":6,"level":"info","message":"Thirteenth Month Pay Issued","timestamp":"2017-03-06T08:13:11.939Z"}
{"issuedTo":"Edrich Chua","level":"info","message":"Acknowledgement Receipt Issued","timestamp":"2017-03-06T08:13:12.172Z"}
{"issuedTo":6,"level":"info","message":"Payslip Issued","timestamp":"2017-03-06T08:16:25.185Z"}
{"issuedTo":6,"level":"info","message":"Thirteenth Month Pay Issued","timestamp":"2017-03-06T08:16:25.304Z"}
{"issuedTo":"Edrich Chua","level":"info","message":"Acknowledgement Receipt Issued","timestamp":"2017-03-06T08:16:25.523Z"}
{"issuedTo":"Edrich Chua","level":"info","message":"Petty Cash Issued","timestamp":"2017-03-06T08:16:25.716Z"}
{"issuedTo":6,"level":"info","message":"Payslip Issued","timestamp":"2017-03-06T08:18:11.745Z"}
{"issuedTo":6,"level":"info","message":"Thirteenth Month Pay Issued","timestamp":"2017-03-06T08:18:11.858Z"}
{"issuedTo":"Edrich Chua","level":"info","message":"Acknowledgement Receipt Issued","timestamp":"2017-03-06T08:18:12.076Z"}
{"issuedTo":"Edrich Chua","level":"info","message":"Petty Cash Issued","timestamp":"2017-03-06T08:18:12.266Z"}
{"issuedTo":"Edrich Chua","level":"info","message":"Check Voucher Issued","timestamp":"2017-03-06T08:18:12.463Z"}
{"issuedTo":6,"level":"info","message":"Payslip Issued","timestamp":"2017-03-09T06:42:30.766Z"}
{"issuedTo":6,"level":"info","message":"Thirteenth Month Pay Issued","timestamp":"2017-03-09T06:42:30.884Z"}
{"issuedTo":"Edrich Chua","level":"info","message":"Acknowledgement Receipt Issued","timestamp":"2017-03-09T06:42:31.115Z"}
{"issuedTo":"Edrich Chua","level":"info","message":"Petty Cash Issued","timestamp":"2017-03-09T06:42:31.311Z"}
{"issuedTo":"Edrich Chua","level":"info","message":"Check Voucher Issued","timestamp":"2017-03-09T06:42:31.528Z"}
{"issuedTo":6,"level":"info","message":"Payslip Issued","timestamp":"2017-03-09T06:42:39.223Z"}
{"issuedTo":6,"level":"info","message":"Thirteenth Month Pay Issued","timestamp":"2017-03-09T06:42:39.339Z"}
{"issuedTo":"Edrich Chua","level":"info","message":"Acknowledgement Receipt Issued","timestamp":"2017-03-09T06:42:39.554Z"}
{"issuedTo":"Edrich Chua","level":"info","message":"Petty Cash Issued","timestamp":"2017-03-09T06:42:39.750Z"}
{"issuedTo":"Edrich Chua","level":"info","message":"Check Voucher Issued","timestamp":"2017-03-09T06:42:39.936Z"}
{"issuedBy":"edrichhans","level":"info","message":"BIR Updated!","timestamp":"2017-03-09T06:44:34.077Z"}
{"issuedBy":"edrichhans","level":"info","message":"BIR Updated!","timestamp":"2017-03-09T07:09:04.801Z"}
{"issuedBy":"edrichhans","level":"info","message":"BIR Updated!","timestamp":"2017-03-09T07:25:10.855Z"}
{"issuedBy":"edrichhans","level":"info","message":"BIR Updated!","timestamp":"2017-03-09T07:26:52.153Z"}
{"issuedBy":"edrichhans","level":"info","message":"BIR Updated!","timestamp":"2017-03-09T07:28:40.809Z"}
{"issuedTo":6,"level":"info","message":"Payslip Issued","timestamp":"2017-03-09T07:37:56.855Z"}
{"issuedTo":6,"level":"info","message":"Thirteenth Month Pay Issued","timestamp":"2017-03-09T07:37:56.977Z"}
{"issuedTo":"Edrich Chua","level":"info","message":"Acknowledgement Receipt Issued","timestamp":"2017-03-09T07:37:57.199Z"}
{"issuedTo":"Edrich Chua","level":"info","message":"Petty Cash Issued","timestamp":"2017-03-09T07:37:57.400Z"}
{"issuedTo":"Edrich Chua","level":"info","message":"Check Voucher Issued","timestamp":"2017-03-09T07:37:57.591Z"}
{"issuedTo":6,"level":"info","message":"Payslip Issued","timestamp":"2017-03-09T07:40:29.110Z"}
{"issuedTo":6,"level":"info","message":"Thirteenth Month Pay Issued","timestamp":"2017-03-09T07:40:29.228Z"}
{"issuedTo":"Edrich Chua","level":"info","message":"Acknowledgement Receipt Issued","timestamp":"2017-03-09T07:40:29.461Z"}
{"issuedTo":"Edrich Chua","level":"info","message":"Petty Cash Issued","timestamp":"2017-03-09T07:40:29.663Z"}
{"issuedTo":"Edrich Chua","level":"info","message":"Check Voucher Issued","timestamp":"2017-03-09T07:40:29.860Z"}
{"issuedTo":6,"level":"info","message":"Payslip Issued","timestamp":"2017-03-09T07:41:22.875Z"}
{"issuedTo":6,"level":"info","message":"Thirteenth Month Pay Issued","timestamp":"2017-03-09T07:41:22.993Z"}
{"issuedTo":"Edrich Chua","level":"info","message":"Acknowledgement Receipt Issued","timestamp":"2017-03-09T07:41:23.218Z"}
{"issuedTo":"Edrich Chua","level":"info","message":"Petty Cash Issued","timestamp":"2017-03-09T07:41:23.426Z"}
{"issuedTo":"Edrich Chua","level":"info","message":"Check Voucher Issued","timestamp":"2017-03-09T07:41:23.621Z"}
{"level":"info","message":"BIR Updated!","timestamp":"2017-03-09T07:41:23.746Z"}
{"issuedTo":6,"level":"info","message":"Payslip Issued","timestamp":"2017-03-09T07:45:47.322Z"}
{"issuedTo":6,"level":"info","message":"Thirteenth Month Pay Issued","timestamp":"2017-03-09T07:45:47.444Z"}
{"issuedTo":"Edrich Chua","level":"info","message":"Acknowledgement Receipt Issued","timestamp":"2017-03-09T07:45:47.663Z"}
{"issuedTo":"Edrich Chua","level":"info","message":"Petty Cash Issued","timestamp":"2017-03-09T07:45:47.873Z"}
{"issuedTo":"Edrich Chua","level":"info","message":"Check Voucher Issued","timestamp":"2017-03-09T07:45:48.060Z"}
{"level":"info","message":"BIR Updated!","timestamp":"2017-03-09T07:45:48.183Z"}
{"issuedTo":6,"level":"info","message":"Payslip Issued","timestamp":"2017-03-09T07:46:18.184Z"}
{"issuedTo":6,"level":"info","message":"Thirteenth Month Pay Issued","timestamp":"2017-03-09T07:46:18.304Z"}
{"issuedTo":"Edrich Chua","level":"info","message":"Acknowledgement Receipt Issued","timestamp":"2017-03-09T07:46:18.539Z"}
{"issuedTo":"Edrich Chua","level":"info","message":"Petty Cash Issued","timestamp":"2017-03-09T07:46:18.740Z"}
{"issuedTo":"Edrich Chua","level":"info","message":"Check Voucher Issued","timestamp":"2017-03-09T07:46:18.953Z"}
{"level":"info","message":"BIR Updated!","timestamp":"2017-03-09T07:46:19.086Z"}
{"issuedTo":6,"level":"info","message":"Payslip Issued","timestamp":"2017-03-09T07:46:27.979Z"}
{"issuedTo":6,"level":"info","message":"Thirteenth Month Pay Issued","timestamp":"2017-03-09T07:46:28.133Z"}
{"issuedTo":"Edrich Chua","level":"info","message":"Acknowledgement Receipt Issued","timestamp":"2017-03-09T07:46:28.488Z"}
{"issuedTo":"Edrich Chua","level":"info","message":"Petty Cash Issued","timestamp":"2017-03-09T07:46:28.774Z"}
{"issuedTo":"Edrich Chua","level":"info","message":"Check Voucher Issued","timestamp":"2017-03-09T07:46:29.042Z"}
{"level":"info","message":"BIR Updated!","timestamp":"2017-03-09T07:46:29.195Z"}
{"issuedBy":"edrichhans","level":"info","message":"SSS Updated!","timestamp":"2017-03-09T07:52:58.916Z"}
{"issuedTo":6,"level":"info","message":"Payslip Issued","timestamp":"2017-03-09T08:01:33.961Z"}
{"issuedTo":6,"level":"info","message":"Thirteenth Month Pay Issued","timestamp":"2017-03-09T08:01:34.083Z"}
{"issuedTo":"Edrich Chua","level":"info","message":"Acknowledgement Receipt Issued","timestamp":"2017-03-09T08:01:34.306Z"}
{"issuedTo":"Edrich Chua","level":"info","message":"Petty Cash Issued","timestamp":"2017-03-09T08:01:34.502Z"}
{"issuedTo":"Edrich Chua","level":"info","message":"Check Voucher Issued","timestamp":"2017-03-09T08:01:34.696Z"}
{"level":"info","message":"BIR Updated!","timestamp":"2017-03-09T08:01:34.823Z"}
{"issuedBy":"edrichhans","level":"info","message":"SSS Updated!","timestamp":"2017-03-09T08:04:43.834Z"}
{"issuedTo":6,"level":"info","message":"Payslip Issued","timestamp":"2017-03-09T08:06:50.475Z"}
{"issuedTo":6,"level":"info","message":"Thirteenth Month Pay Issued","timestamp":"2017-03-09T08:06:50.591Z"}
{"issuedTo":"Edrich Chua","level":"info","message":"Acknowledgement Receipt Issued","timestamp":"2017-03-09T08:06:50.817Z"}
{"issuedTo":"Edrich Chua","level":"info","message":"Petty Cash Issued","timestamp":"2017-03-09T08:06:51.026Z"}
{"issuedTo":"Edrich Chua","level":"info","message":"Check Voucher Issued","timestamp":"2017-03-09T08:06:51.214Z"}
{"level":"info","message":"BIR Updated!","timestamp":"2017-03-09T08:06:51.351Z"}
{"level":"info","message":"SSS Updated!","timestamp":"2017-03-09T08:06:51.494Z"}
{"issuedBy":"edrichhans","level":"info","message":"PhilHealth Updated!","timestamp":"2017-03-09T08:09:16.870Z"}
{"issuedTo":6,"level":"info","message":"Payslip Issued","timestamp":"2017-03-09T08:10:15.225Z"}
{"issuedTo":6,"level":"info","message":"Thirteenth Month Pay Issued","timestamp":"2017-03-09T08:10:15.360Z"}
{"issuedTo":"Edrich Chua","level":"info","message":"Acknowledgement Receipt Issued","timestamp":"2017-03-09T08:10:15.599Z"}
{"issuedTo":"Edrich Chua","level":"info","message":"Petty Cash Issued","timestamp":"2017-03-09T08:10:15.832Z"}
{"issuedTo":"Edrich Chua","level":"info","message":"Check Voucher Issued","timestamp":"2017-03-09T08:10:16.056Z"}
{"level":"info","message":"BIR Updated!","timestamp":"2017-03-09T08:10:16.178Z"}
{"level":"info","message":"SSS Updated!","timestamp":"2017-03-09T08:10:16.320Z"}
{"level":"info","message":"PhilHealth Updated!","timestamp":"2017-03-09T08:10:16.464Z"}
{"issuedTo":6,"level":"info","message":"Payslip Issued","timestamp":"2017-03-09T08:58:30.593Z"}
{"issuedTo":6,"level":"info","message":"Thirteenth Month Pay Issued","timestamp":"2017-03-09T08:58:30.724Z"}
{"issuedTo":"Edrich Chua","level":"info","message":"Acknowledgement Receipt Issued","timestamp":"2017-03-09T08:58:30.956Z"}
{"issuedTo":"Edrich Chua","level":"info","message":"Petty Cash Issued","timestamp":"2017-03-09T08:58:31.169Z"}
{"issuedTo":"Edrich Chua","level":"info","message":"Check Voucher Issued","timestamp":"2017-03-09T08:58:31.388Z"}
{"level":"info","message":"BIR Updated!","timestamp":"2017-03-09T08:58:31.525Z"}
{"level":"info","message":"BIR Updated!","timestamp":"2017-03-09T08:58:31.584Z"}
{"level":"info","message":"SSS Updated!","timestamp":"2017-03-09T08:58:31.751Z"}
{"level":"info","message":"PhilHealth Updated!","timestamp":"2017-03-09T08:58:31.892Z"}
{"issuedTo":6,"level":"info","message":"Payslip Issued","timestamp":"2017-03-09T08:58:55.323Z"}
{"issuedTo":6,"level":"info","message":"Thirteenth Month Pay Issued","timestamp":"2017-03-09T08:58:55.455Z"}
{"issuedTo":"Edrich Chua","level":"info","message":"Acknowledgement Receipt Issued","timestamp":"2017-03-09T08:58:55.704Z"}
{"issuedTo":"Edrich Chua","level":"info","message":"Petty Cash Issued","timestamp":"2017-03-09T08:58:55.913Z"}
{"issuedTo":"Edrich Chua","level":"info","message":"Check Voucher Issued","timestamp":"2017-03-09T08:58:56.134Z"}
{"level":"info","message":"BIR Updated!","timestamp":"2017-03-09T08:58:56.193Z"}
{"level":"info","message":"BIR Updated!","timestamp":"2017-03-09T08:58:56.327Z"}
{"level":"info","message":"SSS Updated!","timestamp":"2017-03-09T08:58:56.463Z"}
{"level":"info","message":"PhilHealth Updated!","timestamp":"2017-03-09T08:58:56.612Z"}
{"issuedTo":6,"level":"info","message":"Payslip Issued","timestamp":"2017-03-09T08:59:04.233Z"}
{"issuedTo":6,"level":"info","message":"Thirteenth Month Pay Issued","timestamp":"2017-03-09T08:59:04.359Z"}
{"issuedTo":"Edrich Chua","level":"info","message":"Acknowledgement Receipt Issued","timestamp":"2017-03-09T08:59:04.610Z"}
{"issuedTo":"Edrich Chua","level":"info","message":"Petty Cash Issued","timestamp":"2017-03-09T08:59:04.807Z"}
{"issuedTo":"Edrich Chua","level":"info","message":"Check Voucher Issued","timestamp":"2017-03-09T08:59:05.007Z"}
{"level":"info","message":"BIR Updated!","timestamp":"2017-03-09T08:59:05.073Z"}
{"level":"info","message":"BIR Updated!","timestamp":"2017-03-09T08:59:05.196Z"}
{"level":"info","message":"SSS Updated!","timestamp":"2017-03-09T08:59:05.347Z"}
{"level":"info","message":"PhilHealth Updated!","timestamp":"2017-03-09T08:59:05.483Z"}
{"issuedTo":6,"level":"info","message":"Payslip Issued","timestamp":"2017-03-09T09:00:03.366Z"}
{"issuedTo":6,"level":"info","message":"Thirteenth Month Pay Issued","timestamp":"2017-03-09T09:00:03.483Z"}
{"issuedTo":"Edrich Chua","level":"info","message":"Acknowledgement Receipt Issued","timestamp":"2017-03-09T09:00:03.707Z"}
{"issuedTo":"Edrich Chua","level":"info","message":"Petty Cash Issued","timestamp":"2017-03-09T09:00:03.916Z"}
{"issuedTo":"Edrich Chua","level":"info","message":"Check Voucher Issued","timestamp":"2017-03-09T09:00:04.118Z"}
{"level":"info","message":"BIR Updated!","timestamp":"2017-03-09T09:00:04.175Z"}
{"level":"info","message":"BIR Updated!","timestamp":"2017-03-09T09:00:04.310Z"}
{"level":"info","message":"SSS Updated!","timestamp":"2017-03-09T09:00:04.461Z"}
{"level":"info","message":"PhilHealth Updated!","timestamp":"2017-03-09T09:00:04.614Z"}
{"issuedTo":6,"level":"info","message":"Payslip Issued","timestamp":"2017-03-09T09:04:28.541Z"}
{"issuedTo":6,"level":"info","message":"Thirteenth Month Pay Issued","timestamp":"2017-03-09T09:04:28.668Z"}
{"issuedTo":"Edrich Chua","level":"info","message":"Acknowledgement Receipt Issued","timestamp":"2017-03-09T09:04:28.891Z"}
{"issuedTo":"Edrich Chua","level":"info","message":"Petty Cash Issued","timestamp":"2017-03-09T09:04:29.084Z"}
{"issuedTo":"Edrich Chua","level":"info","message":"Check Voucher Issued","timestamp":"2017-03-09T09:04:29.267Z"}
{"level":"info","message":"BIR Updated!","timestamp":"2017-03-09T09:04:29.325Z"}
{"level":"info","message":"BIR Updated!","timestamp":"2017-03-09T09:04:29.394Z"}
{"level":"info","message":"BIR Updated!","timestamp":"2017-03-09T09:04:29.466Z"}
{"level":"info","message":"BIR Updated!","timestamp":"2017-03-09T09:04:29.533Z"}
{"level":"info","message":"BIR Updated!","timestamp":"2017-03-09T09:04:29.682Z"}
{"level":"info","message":"SSS Updated!","timestamp":"2017-03-09T09:04:29.814Z"}
{"level":"info","message":"PhilHealth Updated!","timestamp":"2017-03-09T09:04:29.952Z"}
{"issuedTo":6,"level":"info","message":"Payslip Issued","timestamp":"2017-03-09T09:28:09.707Z"}
{"issuedTo":6,"level":"info","message":"Thirteenth Month Pay Issued","timestamp":"2017-03-09T09:28:09.828Z"}
{"issuedTo":"Edrich Chua","level":"info","message":"Acknowledgement Receipt Issued","timestamp":"2017-03-09T09:28:10.053Z"}
{"issuedTo":"Edrich Chua","level":"info","message":"Petty Cash Issued","timestamp":"2017-03-09T09:28:10.244Z"}
{"issuedTo":"Edrich Chua","level":"info","message":"Check Voucher Issued","timestamp":"2017-03-09T09:28:10.428Z"}
{"level":"info","message":"BIR Updated!","timestamp":"2017-03-09T09:28:10.486Z"}
{"level":"info","message":"BIR Updated!","timestamp":"2017-03-09T09:28:10.545Z"}
{"level":"info","message":"BIR Updated!","timestamp":"2017-03-09T09:28:10.605Z"}
{"level":"info","message":"BIR Updated!","timestamp":"2017-03-09T09:28:10.671Z"}
{"level":"info","message":"BIR Updated!","timestamp":"2017-03-09T09:28:10.796Z"}
{"level":"info","message":"SSS Updated!","timestamp":"2017-03-09T09:28:10.918Z"}
{"level":"info","message":"PhilHealth Updated!","timestamp":"2017-03-09T09:28:10.998Z"}
{"level":"info","message":"PhilHealth Updated!","timestamp":"2017-03-09T09:28:11.151Z"}
{"issuedTo":6,"level":"info","message":"Payslip Issued","timestamp":"2017-03-09T09:29:11.318Z"}
{"issuedTo":6,"level":"info","message":"Thirteenth Month Pay Issued","timestamp":"2017-03-09T09:29:11.432Z"}
{"issuedTo":"Edrich Chua","level":"info","message":"Acknowledgement Receipt Issued","timestamp":"2017-03-09T09:29:11.650Z"}
{"issuedTo":"Edrich Chua","level":"info","message":"Petty Cash Issued","timestamp":"2017-03-09T09:29:11.854Z"}
{"issuedTo":"Edrich Chua","level":"info","message":"Check Voucher Issued","timestamp":"2017-03-09T09:29:12.040Z"}
{"level":"info","message":"BIR Updated!","timestamp":"2017-03-09T09:29:12.100Z"}
{"level":"info","message":"BIR Updated!","timestamp":"2017-03-09T09:29:12.157Z"}
{"level":"info","message":"BIR Updated!","timestamp":"2017-03-09T09:29:12.217Z"}
{"level":"info","message":"BIR Updated!","timestamp":"2017-03-09T09:29:12.283Z"}
{"level":"info","message":"BIR Updated!","timestamp":"2017-03-09T09:29:12.417Z"}
{"level":"info","message":"SSS Updated!","timestamp":"2017-03-09T09:29:12.557Z"}
{"level":"info","message":"PhilHealth Updated!","timestamp":"2017-03-09T09:29:12.629Z"}
{"level":"info","message":"PhilHealth Updated!","timestamp":"2017-03-09T09:29:12.783Z"}
{"issuedTo":6,"level":"info","message":"Payslip Issued","timestamp":"2017-03-12T11:44:55.797Z"}
{"issuedTo":6,"level":"info","message":"Thirteenth Month Pay Issued","timestamp":"2017-03-12T11:44:55.917Z"}
{"issuedTo":"Edrich Chua","level":"info","message":"Acknowledgement Receipt Issued","timestamp":"2017-03-12T11:44:56.161Z"}
{"issuedTo":"Edrich Chua","level":"info","message":"Petty Cash Issued","timestamp":"2017-03-12T11:44:56.369Z"}
{"issuedTo":"Edrich Chua","level":"info","message":"Check Voucher Issued","timestamp":"2017-03-12T11:44:56.602Z"}
{"level":"info","message":"BIR Updated!","timestamp":"2017-03-12T11:44:56.677Z"}
{"level":"info","message":"BIR Updated!","timestamp":"2017-03-12T11:44:56.783Z"}
{"level":"info","message":"BIR Updated!","timestamp":"2017-03-12T11:44:56.862Z"}
{"level":"info","message":"BIR Updated!","timestamp":"2017-03-12T11:44:56.958Z"}
{"level":"info","message":"BIR Updated!","timestamp":"2017-03-12T11:44:57.123Z"}
{"level":"info","message":"SSS Updated!","timestamp":"2017-03-12T11:44:57.264Z"}
{"level":"info","message":"PhilHealth Updated!","timestamp":"2017-03-12T11:44:57.347Z"}
{"level":"info","message":"PhilHealth Updated!","timestamp":"2017-03-12T11:44:57.526Z"}
{"issuedTo":6,"level":"info","message":"Payslip Issued","timestamp":"2017-03-12T16:37:42.401Z"}
{"issuedTo":6,"level":"info","message":"Thirteenth Month Pay Issued","timestamp":"2017-03-12T16:37:42.550Z"}
{"issuedTo":"Edrich Chua","level":"info","message":"Acknowledgement Receipt Issued","timestamp":"2017-03-12T16:37:42.841Z"}
{"issuedTo":"Edrich Chua","level":"info","message":"Petty Cash Issued","timestamp":"2017-03-12T16:37:43.112Z"}
{"issuedTo":"Edrich Chua","level":"info","message":"Check Voucher Issued","timestamp":"2017-03-12T16:37:43.367Z"}
{"level":"info","message":"BIR Updated!","timestamp":"2017-03-12T16:37:43.484Z"}
{"level":"info","message":"BIR Updated!","timestamp":"2017-03-12T16:37:43.572Z"}
{"level":"info","message":"BIR Updated!","timestamp":"2017-03-12T16:37:43.644Z"}
{"level":"info","message":"BIR Updated!","timestamp":"2017-03-12T16:37:43.714Z"}
{"level":"info","message":"BIR Updated!","timestamp":"2017-03-12T16:37:43.867Z"}
{"level":"info","message":"SSS Updated!","timestamp":"2017-03-12T16:37:44.041Z"}
{"level":"info","message":"PhilHealth Updated!","timestamp":"2017-03-12T16:37:44.151Z"}
{"level":"info","message":"PhilHealth Updated!","timestamp":"2017-03-12T16:37:44.365Z"}
{"issuedTo":6,"level":"info","message":"Payslip Issued","timestamp":"2017-03-12T16:43:30.168Z"}
{"issuedTo":6,"level":"info","message":"Thirteenth Month Pay Issued","timestamp":"2017-03-12T16:43:30.289Z"}
{"issuedTo":"Edrich Chua","level":"info","message":"Acknowledgement Receipt Issued","timestamp":"2017-03-12T16:43:30.515Z"}
{"issuedTo":"Edrich Chua","level":"info","message":"Petty Cash Issued","timestamp":"2017-03-12T16:43:30.748Z"}
{"issuedTo":"Edrich Chua","level":"info","message":"Check Voucher Issued","timestamp":"2017-03-12T16:43:31.006Z"}
{"level":"info","message":"BIR Updated!","timestamp":"2017-03-12T16:43:31.076Z"}
{"level":"info","message":"BIR Updated!","timestamp":"2017-03-12T16:43:31.136Z"}
{"level":"info","message":"BIR Updated!","timestamp":"2017-03-12T16:43:31.193Z"}
{"level":"info","message":"BIR Updated!","timestamp":"2017-03-12T16:43:31.272Z"}
{"level":"info","message":"BIR Updated!","timestamp":"2017-03-12T16:43:31.398Z"}
{"level":"info","message":"SSS Updated!","timestamp":"2017-03-12T16:43:31.565Z"}
{"level":"info","message":"PhilHealth Updated!","timestamp":"2017-03-12T16:43:31.629Z"}
{"level":"info","message":"PhilHealth Updated!","timestamp":"2017-03-12T16:43:31.795Z"}
{"issuedTo":6,"level":"info","message":"Payslip Issued","timestamp":"2017-03-12T16:49:37.781Z"}
{"issuedTo":6,"level":"info","message":"Thirteenth Month Pay Issued","timestamp":"2017-03-12T16:49:37.896Z"}
{"issuedTo":"Edrich Chua","level":"info","message":"Acknowledgement Receipt Issued","timestamp":"2017-03-12T16:49:38.129Z"}
{"issuedTo":"Edrich Chua","level":"info","message":"Petty Cash Issued","timestamp":"2017-03-12T16:49:38.322Z"}
{"issuedTo":"Edrich Chua","level":"info","message":"Check Voucher Issued","timestamp":"2017-03-12T16:49:38.509Z"}
{"level":"info","message":"BIR Updated!","timestamp":"2017-03-12T16:49:38.565Z"}
{"level":"info","message":"BIR Updated!","timestamp":"2017-03-12T16:49:38.624Z"}
{"level":"info","message":"BIR Updated!","timestamp":"2017-03-12T16:49:38.682Z"}
{"level":"info","message":"BIR Updated!","timestamp":"2017-03-12T16:49:38.746Z"}
{"level":"info","message":"BIR Updated!","timestamp":"2017-03-12T16:49:38.872Z"}
{"level":"info","message":"SSS Updated!","timestamp":"2017-03-12T16:49:38.992Z"}
{"level":"info","message":"PhilHealth Updated!","timestamp":"2017-03-12T16:49:39.127Z"}
{"issuedTo":6,"level":"info","message":"Payslip Issued","timestamp":"2017-03-12T16:52:53.361Z"}
{"issuedTo":6,"level":"info","message":"Thirteenth Month Pay Issued","timestamp":"2017-03-12T16:52:53.484Z"}
{"issuedTo":"Edrich Chua","level":"info","message":"Acknowledgement Receipt Issued","timestamp":"2017-03-12T16:52:53.713Z"}
{"issuedTo":"Edrich Chua","level":"info","message":"Petty Cash Issued","timestamp":"2017-03-12T16:52:53.908Z"}
{"issuedTo":"Edrich Chua","level":"info","message":"Check Voucher Issued","timestamp":"2017-03-12T16:52:54.092Z"}
{"level":"info","message":"BIR Updated!","timestamp":"2017-03-12T16:52:54.376Z"}
{"level":"info","message":"SSS Updated!","timestamp":"2017-03-12T16:52:54.516Z"}
{"level":"info","message":"PhilHealth Updated!","timestamp":"2017-03-12T16:52:54.666Z"}
{"issuedTo":6,"level":"info","message":"Payslip Issued","timestamp":"2017-03-12T16:53:30.945Z"}
{"issuedTo":6,"level":"info","message":"Thirteenth Month Pay Issued","timestamp":"2017-03-12T16:53:31.075Z"}
{"issuedTo":"Edrich Chua","level":"info","message":"Acknowledgement Receipt Issued","timestamp":"2017-03-12T16:53:31.313Z"}
{"issuedTo":"Edrich Chua","level":"info","message":"Petty Cash Issued","timestamp":"2017-03-12T16:53:31.517Z"}
{"issuedTo":"Edrich Chua","level":"info","message":"Check Voucher Issued","timestamp":"2017-03-12T16:53:31.711Z"}
{"level":"info","message":"BIR Updated!","timestamp":"2017-03-12T16:53:31.918Z"}
{"level":"info","message":"SSS Updated!","timestamp":"2017-03-12T16:53:32.076Z"}
{"level":"info","message":"PhilHealth Updated!","timestamp":"2017-03-12T16:53:32.219Z"}
{"issuedTo":6,"level":"info","message":"Payslip Issued","timestamp":"2017-03-12T16:53:52.834Z"}
{"issuedTo":6,"level":"info","message":"Thirteenth Month Pay Issued","timestamp":"2017-03-12T16:53:52.956Z"}
{"issuedTo":"Edrich Chua","level":"info","message":"Acknowledgement Receipt Issued","timestamp":"2017-03-12T16:53:53.178Z"}
{"issuedTo":"Edrich Chua","level":"info","message":"Petty Cash Issued","timestamp":"2017-03-12T16:53:53.366Z"}
{"issuedTo":"Edrich Chua","level":"info","message":"Check Voucher Issued","timestamp":"2017-03-12T16:53:53.553Z"}
{"level":"info","message":"BIR Updated!","timestamp":"2017-03-12T16:53:53.704Z"}
{"level":"info","message":"SSS Updated!","timestamp":"2017-03-12T16:53:53.854Z"}
{"level":"info","message":"PhilHealth Updated!","timestamp":"2017-03-12T16:53:53.992Z"}
{"issuedTo":6,"level":"info","message":"Payslip Issued","timestamp":"2017-03-12T16:55:28.540Z"}
{"issuedTo":6,"level":"info","message":"Thirteenth Month Pay Issued","timestamp":"2017-03-12T16:55:28.659Z"}
{"issuedTo":"Edrich Chua","level":"info","message":"Acknowledgement Receipt Issued","timestamp":"2017-03-12T16:55:28.891Z"}
{"issuedTo":"Edrich Chua","level":"info","message":"Petty Cash Issued","timestamp":"2017-03-12T16:55:29.084Z"}
{"issuedTo":"Edrich Chua","level":"info","message":"Check Voucher Issued","timestamp":"2017-03-12T16:55:29.282Z"}
{"level":"info","message":"BIR Updated!","timestamp":"2017-03-12T16:55:29.449Z"}
{"level":"info","message":"SSS Updated!","timestamp":"2017-03-12T16:55:29.603Z"}
{"level":"info","message":"PhilHealth Updated!","timestamp":"2017-03-12T16:55:29.761Z"}
{"issuedTo":6,"level":"info","message":"Payslip Issued","timestamp":"2017-03-13T03:31:38.347Z"}
{"issuedTo":6,"level":"info","message":"Thirteenth Month Pay Issued","timestamp":"2017-03-13T03:31:38.478Z"}
{"issuedTo":"Edrich Chua","level":"info","message":"Acknowledgement Receipt Issued","timestamp":"2017-03-13T03:31:38.748Z"}
{"issuedTo":"Edrich Chua","level":"info","message":"Petty Cash Issued","timestamp":"2017-03-13T03:31:38.965Z"}
{"level":"info","message":"BIR Updated!","timestamp":"2017-03-13T03:31:41.343Z"}
{"level":"info","message":"SSS Updated!","timestamp":"2017-03-13T03:31:41.345Z"}
{"issuedTo":6,"level":"info","message":"Payslip Issued","timestamp":"2017-03-13T03:33:42.149Z"}
{"issuedTo":6,"level":"info","message":"Thirteenth Month Pay Issued","timestamp":"2017-03-13T03:33:42.293Z"}
{"issuedTo":"Edrich Chua","level":"info","message":"Acknowledgement Receipt Issued","timestamp":"2017-03-13T03:33:42.558Z"}
{"issuedTo":"Edrich Chua","level":"info","message":"Petty Cash Issued","timestamp":"2017-03-13T03:33:42.877Z"}
{"issuedTo":"Edrich Chua","level":"info","message":"Check Voucher Issued","timestamp":"2017-03-13T03:33:43.086Z"}
{"level":"info","message":"BIR Updated!","timestamp":"2017-03-13T03:33:43.479Z"}
{"level":"info","message":"SSS Updated!","timestamp":"2017-03-13T03:33:44.237Z"}
{"level":"info","message":"PhilHealth Updated!","timestamp":"2017-03-13T03:33:44.616Z"}
{"issuedTo":6,"level":"info","message":"Payslip Issued","timestamp":"2017-03-13T04:13:03.536Z"}
{"issuedTo":6,"level":"info","message":"Thirteenth Month Pay Issued","timestamp":"2017-03-13T04:13:03.646Z"}
{"issuedTo":"Edrich Chua","level":"info","message":"Acknowledgement Receipt Issued","timestamp":"2017-03-13T04:13:03.859Z"}
{"issuedTo":"Edrich Chua","level":"info","message":"Petty Cash Issued","timestamp":"2017-03-13T04:13:04.060Z"}
{"issuedTo":"Edrich Chua","level":"info","message":"Check Voucher Issued","timestamp":"2017-03-13T04:13:04.244Z"}
{"level":"info","message":"BIR Updated!","timestamp":"2017-03-13T04:13:04.389Z"}
{"level":"info","message":"PhilHealth Updated!","timestamp":"2017-03-13T04:13:05.241Z"}
{"issuedTo":6,"level":"info","message":"Payslip Issued","timestamp":"2017-03-13T04:14:50.761Z"}
{"issuedTo":6,"level":"info","message":"Thirteenth Month Pay Issued","timestamp":"2017-03-13T04:14:50.887Z"}
{"issuedTo":"Edrich Chua","level":"info","message":"Acknowledgement Receipt Issued","timestamp":"2017-03-13T04:14:51.104Z"}
{"issuedTo":"Edrich Chua","level":"info","message":"Petty Cash Issued","timestamp":"2017-03-13T04:14:51.300Z"}
{"issuedTo":"Edrich Chua","level":"info","message":"Check Voucher Issued","timestamp":"2017-03-13T04:14:51.491Z"}
{"level":"info","message":"BIR Updated!","timestamp":"2017-03-13T04:14:51.629Z"}
{"level":"info","message":"PhilHealth Updated!","timestamp":"2017-03-13T04:14:52.449Z"}
{"issuedTo":6,"level":"info","message":"Payslip Issued","timestamp":"2017-03-13T04:15:27.162Z"}
{"issuedTo":6,"level":"info","message":"Thirteenth Month Pay Issued","timestamp":"2017-03-13T04:15:27.282Z"}
{"issuedTo":"Edrich Chua","level":"info","message":"Acknowledgement Receipt Issued","timestamp":"2017-03-13T04:15:27.497Z"}
{"issuedTo":"Edrich Chua","level":"info","message":"Petty Cash Issued","timestamp":"2017-03-13T04:15:27.691Z"}
{"issuedTo":"Edrich Chua","level":"info","message":"Check Voucher Issued","timestamp":"2017-03-13T04:15:27.872Z"}
{"level":"info","message":"BIR Updated!","timestamp":"2017-03-13T04:15:28.019Z"}
{"level":"info","message":"PhilHealth Updated!","timestamp":"2017-03-13T04:15:28.843Z"}
{"issuedTo":6,"level":"info","message":"Payslip Issued","timestamp":"2017-03-13T04:15:39.351Z"}
{"issuedTo":6,"level":"info","message":"Thirteenth Month Pay Issued","timestamp":"2017-03-13T04:15:39.467Z"}
{"issuedTo":"Edrich Chua","level":"info","message":"Acknowledgement Receipt Issued","timestamp":"2017-03-13T04:15:39.684Z"}
{"issuedTo":"Edrich Chua","level":"info","message":"Petty Cash Issued","timestamp":"2017-03-13T04:15:39.874Z"}
{"issuedTo":"Edrich Chua","level":"info","message":"Check Voucher Issued","timestamp":"2017-03-13T04:15:40.051Z"}
{"level":"info","message":"BIR Updated!","timestamp":"2017-03-13T04:15:40.194Z"}
{"level":"info","message":"PhilHealth Updated!","timestamp":"2017-03-13T04:15:41.080Z"}
{"issuedTo":6,"level":"info","message":"Payslip Issued","timestamp":"2017-03-13T04:20:52.740Z"}
{"issuedTo":6,"level":"info","message":"Thirteenth Month Pay Issued","timestamp":"2017-03-13T04:20:52.866Z"}
{"issuedTo":"Edrich Chua","level":"info","message":"Acknowledgement Receipt Issued","timestamp":"2017-03-13T04:20:53.083Z"}
{"issuedTo":"Edrich Chua","level":"info","message":"Petty Cash Issued","timestamp":"2017-03-13T04:20:53.276Z"}
{"issuedTo":"Edrich Chua","level":"info","message":"Check Voucher Issued","timestamp":"2017-03-13T04:20:53.466Z"}
{"level":"info","message":"BIR Updated!","timestamp":"2017-03-13T04:20:53.618Z"}
{"level":"info","message":"PhilHealth Updated!","timestamp":"2017-03-13T04:20:54.473Z"}
{"issuedTo":6,"level":"info","message":"Payslip Issued","timestamp":"2017-03-13T04:21:34.143Z"}
{"issuedTo":6,"level":"info","message":"Thirteenth Month Pay Issued","timestamp":"2017-03-13T04:21:34.262Z"}
{"issuedTo":"Edrich Chua","level":"info","message":"Acknowledgement Receipt Issued","timestamp":"2017-03-13T04:21:34.534Z"}
{"issuedTo":"Edrich Chua","level":"info","message":"Petty Cash Issued","timestamp":"2017-03-13T04:21:34.739Z"}
{"issuedTo":"Edrich Chua","level":"info","message":"Check Voucher Issued","timestamp":"2017-03-13T04:21:34.931Z"}
{"level":"info","message":"BIR Updated!","timestamp":"2017-03-13T04:21:35.073Z"}
{"level":"info","message":"PhilHealth Updated!","timestamp":"2017-03-13T04:21:35.957Z"}
{"issuedTo":6,"level":"info","message":"Payslip Issued","timestamp":"2017-03-13T04:22:16.126Z"}
{"issuedTo":6,"level":"info","message":"Thirteenth Month Pay Issued","timestamp":"2017-03-13T04:22:16.243Z"}
{"issuedTo":"Edrich Chua","level":"info","message":"Acknowledgement Receipt Issued","timestamp":"2017-03-13T04:22:16.462Z"}
{"issuedTo":"Edrich Chua","level":"info","message":"Petty Cash Issued","timestamp":"2017-03-13T04:22:16.654Z"}
{"issuedTo":"Edrich Chua","level":"info","message":"Check Voucher Issued","timestamp":"2017-03-13T04:22:16.842Z"}
{"level":"info","message":"BIR Updated!","timestamp":"2017-03-13T04:22:16.979Z"}
{"level":"info","message":"PhilHealth Updated!","timestamp":"2017-03-13T04:22:17.808Z"}
{"issuedTo":6,"level":"info","message":"Payslip Issued","timestamp":"2017-03-13T04:33:55.701Z"}
{"issuedTo":6,"level":"info","message":"Thirteenth Month Pay Issued","timestamp":"2017-03-13T04:33:55.815Z"}
{"issuedTo":"Edrich Chua","level":"info","message":"Acknowledgement Receipt Issued","timestamp":"2017-03-13T04:33:56.043Z"}
{"issuedTo":"Edrich Chua","level":"info","message":"Petty Cash Issued","timestamp":"2017-03-13T04:33:56.245Z"}
{"issuedTo":"Edrich Chua","level":"info","message":"Check Voucher Issued","timestamp":"2017-03-13T04:33:56.445Z"}
{"level":"info","message":"BIR Updated!","timestamp":"2017-03-13T04:33:56.590Z"}
{"level":"info","message":"PhilHealth Updated!","timestamp":"2017-03-13T04:33:57.729Z"}
{"issuedTo":6,"level":"info","message":"Payslip Issued","timestamp":"2017-03-13T04:36:03.578Z"}
{"issuedTo":6,"level":"info","message":"Thirteenth Month Pay Issued","timestamp":"2017-03-13T04:36:03.694Z"}
{"issuedTo":"Edrich Chua","level":"info","message":"Acknowledgement Receipt Issued","timestamp":"2017-03-13T04:36:03.918Z"}
{"issuedTo":"Edrich Chua","level":"info","message":"Petty Cash Issued","timestamp":"2017-03-13T04:36:04.108Z"}
{"issuedTo":"Edrich Chua","level":"info","message":"Check Voucher Issued","timestamp":"2017-03-13T04:36:04.314Z"}
{"level":"info","message":"BIR Updated!","timestamp":"2017-03-13T04:36:04.481Z"}
{"level":"info","message":"PhilHealth Updated!","timestamp":"2017-03-13T04:36:04.837Z"}
{"issuedTo":6,"level":"info","message":"Payslip Issued","timestamp":"2017-03-13T04:38:15.622Z"}
{"issuedTo":6,"level":"info","message":"Thirteenth Month Pay Issued","timestamp":"2017-03-13T04:38:15.746Z"}
{"issuedTo":"Edrich Chua","level":"info","message":"Acknowledgement Receipt Issued","timestamp":"2017-03-13T04:38:15.979Z"}
{"issuedTo":"Edrich Chua","level":"info","message":"Petty Cash Issued","timestamp":"2017-03-13T04:38:16.163Z"}
{"issuedTo":"Edrich Chua","level":"info","message":"Check Voucher Issued","timestamp":"2017-03-13T04:38:16.357Z"}
{"level":"info","message":"BIR Updated!","timestamp":"2017-03-13T04:38:16.508Z"}
{"level":"info","message":"SSS Updated!","timestamp":"2017-03-13T04:38:16.589Z"}
{"level":"info","message":"SSS Updated!","timestamp":"2017-03-13T04:38:16.716Z"}
{"level":"info","message":"SSS Updated!","timestamp":"2017-03-13T04:38:16.818Z"}
{"level":"info","message":"SSS Updated!","timestamp":"2017-03-13T04:38:16.982Z"}
{"level":"info","message":"PhilHealth Updated!","timestamp":"2017-03-13T04:38:17.146Z"}
{"issuedTo":6,"level":"info","message":"Payslip Issued","timestamp":"2017-03-13T04:38:43.655Z"}
{"issuedTo":6,"level":"info","message":"Thirteenth Month Pay Issued","timestamp":"2017-03-13T04:38:43.784Z"}
{"issuedTo":"Edrich Chua","level":"info","message":"Acknowledgement Receipt Issued","timestamp":"2017-03-13T04:38:44.059Z"}
{"issuedTo":"Edrich Chua","level":"info","message":"Petty Cash Issued","timestamp":"2017-03-13T04:38:44.265Z"}
{"issuedTo":"Edrich Chua","level":"info","message":"Check Voucher Issued","timestamp":"2017-03-13T04:38:44.455Z"}
{"level":"info","message":"BIR Updated!","timestamp":"2017-03-13T04:38:44.606Z"}
{"level":"info","message":"SSS Updated!","timestamp":"2017-03-13T04:38:44.687Z"}
{"level":"info","message":"SSS Updated!","timestamp":"2017-03-13T04:38:44.807Z"}
{"level":"info","message":"SSS Updated!","timestamp":"2017-03-13T04:38:44.914Z"}
{"level":"info","message":"SSS Updated!","timestamp":"2017-03-13T04:38:45.084Z"}
{"level":"info","message":"PhilHealth Updated!","timestamp":"2017-03-13T04:38:45.227Z"}
{"issuedTo":6,"level":"info","message":"Payslip Issued","timestamp":"2017-03-13T04:40:12.012Z"}
{"issuedTo":6,"level":"info","message":"Thirteenth Month Pay Issued","timestamp":"2017-03-13T04:40:12.131Z"}
{"issuedTo":"Edrich Chua","level":"info","message":"Acknowledgement Receipt Issued","timestamp":"2017-03-13T04:40:12.349Z"}
{"issuedTo":"Edrich Chua","level":"info","message":"Petty Cash Issued","timestamp":"2017-03-13T04:40:12.549Z"}
{"issuedTo":"Edrich Chua","level":"info","message":"Check Voucher Issued","timestamp":"2017-03-13T04:40:12.737Z"}
{"level":"info","message":"BIR Updated!","timestamp":"2017-03-13T04:40:12.889Z"}
{"level":"info","message":"SSS Updated!","timestamp":"2017-03-13T04:40:13.055Z"}
{"level":"info","message":"PhilHealth Updated!","timestamp":"2017-03-13T04:40:13.208Z"}
{"issuedTo":6,"level":"info","message":"Payslip Issued","timestamp":"2017-03-13T05:27:24.086Z"}
{"issuedTo":6,"level":"info","message":"Thirteenth Month Pay Issued","timestamp":"2017-03-13T05:27:24.203Z"}
{"issuedTo":"Edrich Chua","level":"info","message":"Acknowledgement Receipt Issued","timestamp":"2017-03-13T05:27:24.425Z"}
{"issuedTo":"Edrich Chua","level":"info","message":"Petty Cash Issued","timestamp":"2017-03-13T05:27:24.615Z"}
{"issuedTo":"Edrich Chua","level":"info","message":"Check Voucher Issued","timestamp":"2017-03-13T05:27:24.803Z"}
{"level":"info","message":"BIR Updated!","timestamp":"2017-03-13T05:27:24.954Z"}
{"level":"info","message":"SSS Updated!","timestamp":"2017-03-13T05:27:25.121Z"}
{"level":"info","message":"PhilHealth Updated!","timestamp":"2017-03-13T05:27:25.286Z"}
{"issuedTo":6,"level":"info","message":"Payslip Issued","timestamp":"2017-03-13T06:21:12.817Z"}
{"issuedTo":6,"level":"info","message":"Thirteenth Month Pay Issued","timestamp":"2017-03-13T06:21:12.955Z"}
{"issuedTo":"Edrich Chua","level":"info","message":"Acknowledgement Receipt Issued","timestamp":"2017-03-13T06:21:13.175Z"}
{"issuedTo":"Edrich Chua","level":"info","message":"Petty Cash Issued","timestamp":"2017-03-13T06:21:13.374Z"}
{"issuedTo":"Edrich Chua","level":"info","message":"Check Voucher Issued","timestamp":"2017-03-13T06:21:13.579Z"}
{"level":"info","message":"BIR Updated!","timestamp":"2017-03-13T06:21:13.741Z"}
{"level":"info","message":"SSS Updated!","timestamp":"2017-03-13T06:21:13.923Z"}
{"level":"info","message":"PhilHealth Updated!","timestamp":"2017-03-13T06:21:14.087Z"}
=======
>>>>>>> github/AF
