{"level":"info","message":"Employee added","timestamp":"2017-03-29T13:00:03.322Z"}
{"issuedBy":"edrichhans","issuedTo":"6","level":"info","message":"Payslip Issued","timestamp":"2017-03-29T13:19:34.660Z"}
{"level":"info","message":"Employee added","timestamp":"2017-03-29T13:27:58.301Z"}
{"issuedBy":"edrichhans","issuedTo":"adsfd","level":"info","message":"Acknowledgement Receipt Issued","timestamp":"2017-03-29T21:38:24.637Z"}
{"issuedBy":"edrichhans","issuedTo":"adsd","level":"info","message":"Acknowledgement Receipt Issued","timestamp":"2017-03-29T21:38:52.069Z"}
{"issuedBy":"edrichhans","level":"info","message":"BIR Updated!","timestamp":"2017-03-29T21:52:56.635Z"}
{"issuedBy":"edrichhans","level":"info","message":"BIR Updated!","timestamp":"2017-03-29T21:53:01.025Z"}
{"level":"info","message":"Backup","timestamp":"2017-03-29T21:54:41.500Z"}
{"issuedBy":"edrichhans","issuedTo":"6","level":"info","message":"Payslip Issued","timestamp":"2017-03-29T22:25:34.010Z"}
{"issuedBy":"edrichhans","issuedTo":"6","level":"info","message":"Payslip Issued","timestamp":"2017-03-29T22:26:10.863Z"}
{"issuedBy":"edrichhans","issuedTo":"6","level":"info","message":"Payslip Issued","timestamp":"2017-03-29T22:26:48.251Z"}
{"issuedBy":"edrichhans","issuedTo":"6","level":"info","message":"Payslip Issued","timestamp":"2017-03-29T22:27:24.051Z"}
{"issuedBy":"edrichhans","issuedTo":"6","level":"info","message":"Payslip Issued","timestamp":"2017-03-29T22:28:01.282Z"}
{"issuedBy":"edrichhans","issuedTo":"6","level":"info","message":"Payslip Issued","timestamp":"2017-03-29T22:31:44.663Z"}
{"issuedBy":"edrichhans","issuedTo":"6","level":"info","message":"Payslip Issued","timestamp":"2017-03-29T22:35:02.871Z"}
{"issuedBy":"edrichhans","issuedTo":"6","level":"info","message":"Payslip Issued","timestamp":"2017-03-30T06:33:03.650Z"}
{"issuedBy":"edrichhans","issuedTo":"6","level":"info","message":"Payslip Issued","timestamp":"2017-03-30T06:33:41.312Z"}
{"issuedBy":"edrichhans","issuedTo":"6","level":"info","message":"Payslip Issued","timestamp":"2017-03-30T06:34:15.604Z"}
{"issuedBy":"edrichhans","issuedTo":"6","level":"info","message":"Payslip Issued","timestamp":"2017-03-30T06:34:49.353Z"}
{"issuedBy":"edrichhans","issuedTo":"6","level":"info","message":"Payslip Issued","timestamp":"2017-03-30T06:35:23.255Z"}
{"issuedBy":"edrichhans","issuedTo":"6","level":"info","message":"Payslip Issued","timestamp":"2017-03-30T06:38:35.240Z"}
