{ Error: Cannot find module '../build/Release/bson'
    at Function.Module._resolveFilename (module.js:469:15)
    at Function.Module._load (module.js:417:25)
    at require (internal/module.js:20:19)
    at Object.<anonymous> (C:\Users\AF\Documents\CS Subjects\CS 192\Project\node_modules\bson\ext\index.js:15:10)
    at Module._compile (module.js:570:32)
    at Object.Module._extensions..js (module.js:579:10)
    at Module.load (module.js:487:32)
    at tryModuleLoad (module.js:446:12)
    at Function.Module._load (module.js:438:3)
    at require (internal/module.js:20:19) code: 'MODULE_NOT_FOUND' }
> server running on port 8000
[0mGET / [36m302 [0m26.522 ms - 56[0m
[0mGET /login [32m200 [0m2295.522 ms - 2263[0m
[0mGET /javascripts/jquery-3.1.1.min.js [36m304 [0m3.812 ms - -[0m
[0mGET /semantic/dist/semantic.min.js [36m304 [0m4.665 ms - -[0m
[0mGET /stylesheets/style.css [36m304 [0m1.405 ms - -[0m
[0mGET /javascripts/scripts.js [36m304 [0m1.229 ms - -[0m
[0mGET /javascripts/jquery.form.js [36m304 [0m1.562 ms - -[0m
[0mGET /semantic/dist/semantic.min.css [36m304 [0m0.900 ms - -[0m
[0mGET /bower_components/semantic-ui-calendar/dist/calendar.min.css [36m304 [0m1.411 ms - -[0m
[0mGET /bower_components/semantic-ui-calendar/dist/calendar.min.js [36m304 [0m2.232 ms - -[0m
[0mGET /javascripts/printThis.js [36m304 [0m0.508 ms - -[0m
[0mGET /semantic/dist/themes/default/assets/fonts/icons.woff2 [36m304 [0m0.430 ms - -[0m
{ Error: Cannot find module '../build/Release/bson'
    at Function.Module._resolveFilename (module.js:469:15)
    at Function.Module._load (module.js:417:25)
    at require (internal/module.js:20:19)
    at Object.<anonymous> (C:\Users\AF\Documents\CS Subjects\CS 192\Project\node_modules\bson\ext\index.js:15:10)
    at Module._compile (module.js:570:32)
    at Object.Module._extensions..js (module.js:579:10)
    at Module.load (module.js:487:32)
    at tryModuleLoad (module.js:446:12)
    at Function.Module._load (module.js:438:3)
    at require (internal/module.js:20:19) code: 'MODULE_NOT_FOUND' }
> server running on port 8000
[0mGET / [0m- [0m- ms - -[0m
[0mGET / [36m302 [0m305.936 ms - 56[0m
[0mGET /login [32m200 [0m5496.811 ms - 2263[0m
[0mGET /javascripts/printThis.js [32m200 [0m84.944 ms - 9881[0m
[0mGET /javascripts/jquery-3.1.1.min.js [32m200 [0m91.480 ms - 86709[0m
[0mGET /semantic/dist/semantic.min.js [32m200 [0m99.288 ms - 276121[0m
[0mGET /javascripts/scripts.js [32m200 [0m68.525 ms - 14901[0m
[0mGET /javascripts/jquery.form.js [32m200 [0m85.340 ms - 43891[0m
[0mGET /semantic/dist/semantic.min.css [32m200 [0m98.201 ms - 541246[0m
[0mGET /stylesheets/style.css [32m200 [0m100.349 ms - 2930[0m
[0mGET /bower_components/semantic-ui-calendar/dist/calendar.min.css [32m200 [0m228.157 ms - 1844[0m
[0mGET /bower_components/semantic-ui-calendar/dist/calendar.min.js [32m200 [0m241.517 ms - 17886[0m
[0mGET /semantic/dist/themes/default/assets/fonts/icons.woff2 [32m200 [0m74.550 ms - 71896[0m
[0mGET /favicon.ico [36m302 [0m2.371 ms - 28[0m
[0mGET /login [36m304 [0m79.548 ms - -[0m
[0mPOST /login [31m500 [0m2269.958 ms - 21[0m
[0mPOST /login [31m500 [0m415.937 ms - 21[0m
[0mPOST /login [31m500 [0m2010.143 ms - 21[0m
[0mPOST /login [31m500 [0m2010.299 ms - 21[0m
[0mPOST /login [36m302 [0m273.039 ms - 23[0m
[0mGET / [32m200 [0m237.403 ms - 6635[0m
[0mGET / [36m304 [0m139.500 ms - -[0m
[0mGET /semantic/dist/semantic.min.css [36m304 [0m27.765 ms - -[0m
[0mGET /javascripts/jquery-3.1.1.min.js [36m304 [0m28.202 ms - -[0m
[0mGET /semantic/dist/semantic.min.js [36m304 [0m28.370 ms - -[0m
[0mGET /javascripts/printThis.js [36m304 [0m27.617 ms - -[0m
[0mGET /bower_components/semantic-ui-calendar/dist/calendar.min.js [36m304 [0m65.059 ms - -[0m
[0mGET /bower_components/semantic-ui-calendar/dist/calendar.min.css [36m304 [0m64.335 ms - -[0m
[0mGET /public/stylesheets/style.css [33m404 [0m61.924 ms - 5540[0m
[0mGET /public/stylesheets/style.css [33m404 [0m61.906 ms - 5540[0m
[0mGET /icons/main_menu/receipt1.png [32m200 [0m102.275 ms - 11077[0m
[0mGET /icons/main_menu/settings.png [32m200 [0m106.685 ms - 15520[0m
[0mGET /images/Logo.png [32m200 [0m110.132 ms - 70916[0m
[0mGET /icons/main_menu/employee_white.png [32m200 [0m112.998 ms - 13342[0m
[0mGET /semantic/dist/themes/default/assets/fonts/icons.woff2 [36m304 [0m4.490 ms - -[0m
[0mGET /icons/main_menu/petty_cash.png [32m200 [0m61.753 ms - 16890[0m
[0mGET /icons/main_menu/check_voucher1.png [32m200 [0m184.960 ms - 5060[0m
[0mGET /icons/main_menu/payslip.png [32m200 [0m223.809 ms - 11859[0m
[0mGET /favicon.ico [33m404 [0m59.484 ms - 5540[0m
[ { _id: 583c75c5715cebfe18fbdb34,
    eID: 5,
    adviceNumber: 27,
    issuedBy: 'edrichhans',
    dateIssued: 2016-11-28T18:21:57.190Z,
    company: 'apples',
    deductibles_name: [ '' ],
    deductibles: [ 0 ],
    allowance_name: [ '' ],
    allowance: [ 0 ],
    startDate: 'November 1, 2016',
    endDate: 'November 30, 2016',
    PHreduc: 287.5,
    SSSreduc: 581.3,
    HDMFreduc: 460,
    EmployerPH: 287.5,
    EmployerSSS: 1208.7,
    EmployerHDMF: 460,
    total: 21671.2 },
  { _id: 583e7f1220f6b9dd302dc5bc,
    eID: 5,
    adviceNumber: 29,
    issuedBy: 'edrichhans',
    dateIssued: 2016-11-30T07:26:10.364Z,
    company: 'berries',
    deductibles_name: [ '' ],
    deductibles: [ 0 ],
    allowance_name: [ '' ],
    allowance: [ 0 ],
    startDate: 'October 1, 2016',
    endDate: 'November 30, 2016',
    PHreduc: 287.5,
    SSSreduc: 581.3,
    HDMFreduc: 460,
    EmployerPH: 287.5,
    EmployerSSS: 1208.7,
    EmployerHDMF: 460,
    BIR: 3666.75,
    total: 21671.2 },
  { _id: 583e937392f5cf124b229df5,
    eID: 5,
    adviceNumber: 30,
    issuedBy: 'edrichhans',
    dateIssued: 2016-11-30T08:53:07.083Z,
    company: 'berries',
    deductibles_name: [ 'Food' ],
    deductibles: [ 550 ],
    allowance_name: [ '' ],
    allowance: [ 0 ],
    startDate: 'August 1, 2016',
    endDate: 'September 1, 2016',
    PHreduc: 287.5,
    SSSreduc: 581.3,
    HDMFreduc: 460,
    EmployerPH: 287.5,
    EmployerSSS: 1208.7,
    EmployerHDMF: 460,
    BIR: 3666.75,
    total: 17454.45 },
  { _id: 583ffeea445c118720fd0d58,
    eID: 6,
    adviceNumber: 31,
    issuedBy: 'edrichhans',
    dateIssued: 2016-12-01T10:43:54.861Z,
    company: 'berries',
    deductibles_name: [ '' ],
    deductibles: [ 0 ],
    allowance_name: [ 'good' ],
    allowance: [ 150 ],
    startDate: 'December 1, 2016',
    endDate: 'December 31, 2016',
    PHreduc: 175,
    SSSreduc: 526.8,
    HDMFreduc: 290,
    EmployerPH: 175,
    EmployerSSS: 1078.2,
    EmployerHDMF: 290,
    BIR: 774.93,
    total: 12883.27 },
  { _id: 584802f1139c311100e26902,
    eID: 11,
    adviceNumber: 32,
    issuedBy: 'edrichhans',
    dateIssued: 2016-12-07T12:39:13.255Z,
    company: 'apples',
    deductibles_name: [ '' ],
    deductibles: [ 0 ],
    allowance_name: [ '' ],
    allowance: [ 0 ],
    startDate: 'December 6, 2016',
    endDate: 'December 8, 2016',
    PHreduc: 100,
    SSSreduc: 109,
    HDMFreduc: 60,
    EmployerPH: 100,
    EmployerSSS: 231,
    EmployerHDMF: 60,
    BIR: 0,
    total: 2731 },
  { _id: 58480397139c311100e26903,
    eID: 11,
    adviceNumber: 33,
    issuedBy: 'edrichhans',
    dateIssued: 2016-12-07T12:41:59.759Z,
    company: 'apples',
    deductibles_name: [ 'llollol', 'asasd***' ],
    deductibles: [ -1, 0 ],
    allowance_name: [ 'asaa', '1234***' ],
    allowance: [ 1234, 134 ],
    startDate: 'December 2, 2016',
    endDate: 'December 6, 2016',
    PHreduc: 100,
    SSSreduc: 109,
    HDMFreduc: 60,
    EmployerPH: 100,
    EmployerSSS: 231,
    EmployerHDMF: 60,
    BIR: 0,
    total: 4100 },
  { _id: 5848046c139c311100e26904,
    eID: 11,
    adviceNumber: null,
    dateIssued: 2016-12-07T12:45:32.750Z,
    issuedBy: 'edrichhans',
    company: 'berries',
    deductibles: 0,
    allowance: 0,
    PHreduc: 0,
    SSSreduc: 0,
    HDMFreduc: 0,
    EmployerPH: 0,
    EmployerSSS: 0,
    EmployerHDMF: 60,
    total: 0 },
  { _id: 584804f2139c311100e26905,
    eID: 11,
    adviceNumber: 35,
    issuedBy: 'edrichhans',
    dateIssued: 2016-12-07T12:47:46.175Z,
    company: 'berries',
    deductibles_name: [ 'asd', 'asdf', 'asdf123', 'asd', 'asdf', 'asdf', 'asd' ],
    deductibles: [ 123, 1234, 133, 1234, 1234, 1234, 134 ],
    allowance_name: [ 'asdv', 'asdf', 'sdf', 'sdf', 'asdf', 'asdf', 'asdf' ],
    allowance: [ 21234, 124, 12345, 12345, 1234, 1234, 1234 ],
    startDate: 'December 1, 2016',
    endDate: 'December 6, 2016',
    PHreduc: 100,
    SSSreduc: 109,
    HDMFreduc: 60,
    EmployerPH: 100,
    EmployerSSS: 231,
    EmployerHDMF: 60,
    BIR: 0,
    total: 47155 },
  { _id: 58c644405ab761fc0b9d40e4,
    eID: 6,
    adviceNumber: 102,
    issuedBy: null,
    dateIssued: 2017-03-13T07:03:28.557Z,
    company: 'Apples',
    deductibles_name: [ 'deductibles_name' ],
    deductibles: [ 500 ],
    allowance_name: [ 'allowance_name' ],
    allowance: [ 1000 ],
    startDate: 'March 1, 2017',
    endDate: 'March 30, 2017',
    PHreduc: 175,
    SSSreduc: 526.8,
    HDMFreduc: 290,
    EmployerPH: 175,
    EmployerSSS: 1078.2,
    EmployerHDMF: 290,
    BIR: 774.93,
    total: 13233.27 },
  { _id: 58c6447182ba6ffc12154459,
    eID: 6,
    adviceNumber: 103,
    issuedBy: null,
    dateIssued: 2017-03-13T07:04:17.729Z,
    company: 'Apples',
    deductibles_name: [ 'deductibles_name' ],
    deductibles: [ 500 ],
    allowance_name: [ 'allowance_name' ],
    allowance: [ 1000 ],
    startDate: 'March 1, 2017',
    endDate: 'March 30, 2017',
    PHreduc: 175,
    SSSreduc: 526.8,
    HDMFreduc: 290,
    EmployerPH: 175,
    EmployerSSS: 1078.2,
    EmployerHDMF: 290,
    BIR: 774.93,
    total: 13233.27 },
  { _id: 58c6448a352768e40469a55c,
    eID: 6,
    adviceNumber: 104,
    issuedBy: null,
    dateIssued: 2017-03-13T07:04:42.125Z,
    company: 'Apples',
    deductibles_name: [ 'deductibles_name' ],
    deductibles: [ 500 ],
    allowance_name: [ 'allowance_name' ],
    allowance: [ 1000 ],
    startDate: 'March 1, 2017',
    endDate: 'March 30, 2017',
    PHreduc: 175,
    SSSreduc: 526.8,
    HDMFreduc: 290,
    EmployerPH: 175,
    EmployerSSS: 1078.2,
    EmployerHDMF: 290,
    BIR: 774.93,
    total: 13233.27 },
  { _id: 58c66335f1aedd3423f5432c,
    eID: 6,
    adviceNumber: 105,
    issuedBy: null,
    dateIssued: 2017-03-13T09:15:33.506Z,
    company: 'Apples',
    deductibles_name: [ 'deductibles_name' ],
    deductibles: [ 500 ],
    allowance_name: [ 'allowance_name' ],
    allowance: [ 1000 ],
    startDate: 'March 1, 2017',
    endDate: 'March 30, 2017',
    PHreduc: 175,
    SSSreduc: 526.8,
    HDMFreduc: 290,
    EmployerPH: 175,
    EmployerSSS: 1078.2,
    EmployerHDMF: 290,
    BIR: 774.93,
    total: 13233.27 },
  { _id: 58c66335f1aedd3423f5432d,
    eID: 6,
    adviceNumber: 106,
    dateIssued: 2017-03-13T09:15:33.511Z,
    issuedBy: null,
    company: 'Apples',
    deductibles: 0,
    allowance: 0,
    PHreduc: 0,
    SSSreduc: 0,
    HDMFreduc: 0,
    EmployerPH: 0,
    EmployerSSS: 0,
    EmployerHDMF: 290,
    total: 1208.3333333333333 },
  { _id: 58c6635889105b941f64cfaa,
    eID: 6,
    adviceNumber: 107,
    issuedBy: null,
    dateIssued: 2017-03-13T09:16:08.341Z,
    company: 'Apples',
    deductibles_name: [ 'deductibles_name' ],
    deductibles: [ 500 ],
    allowance_name: [ 'allowance_name' ],
    allowance: [ 1000 ],
    startDate: 'March 1, 2017',
    endDate: 'March 30, 2017',
    PHreduc: 175,
    SSSreduc: 526.8,
    HDMFreduc: 290,
    EmployerPH: 175,
    EmployerSSS: 1078.2,
    EmployerHDMF: 290,
    BIR: 774.93,
    total: 13233.27 },
  { _id: 58c6635889105b941f64cfab,
    eID: 6,
    adviceNumber: 108,
    dateIssued: 2017-03-13T09:16:08.347Z,
    issuedBy: null,
    company: 'Apples',
    deductibles: 0,
    allowance: 0,
    PHreduc: 0,
    SSSreduc: 0,
    HDMFreduc: 0,
    EmployerPH: 0,
    EmployerSSS: 0,
    EmployerHDMF: 290,
    total: 1208.3333333333333 },
  { _id: 58c6650ee99c856c09610f6e,
    eID: 6,
    adviceNumber: 109,
    issuedBy: null,
    dateIssued: 2017-03-13T09:23:26.245Z,
    company: 'Apples',
    deductibles_name: [ 'deductibles_name' ],
    deductibles: [ 500 ],
    allowance_name: [ 'allowance_name' ],
    allowance: [ 1000 ],
    startDate: 'March 1, 2017',
    endDate: 'March 30, 2017',
    PHreduc: 175,
    SSSreduc: 526.8,
    HDMFreduc: 290,
    EmployerPH: 175,
    EmployerSSS: 1078.2,
    EmployerHDMF: 290,
    BIR: 774.93,
    total: 13233.27 },
  { _id: 58c6650ee99c856c09610f6f,
    eID: 6,
    adviceNumber: 110,
    dateIssued: 2017-03-13T09:23:26.260Z,
    issuedBy: null,
    company: 'Apples',
    deductibles: 0,
    allowance: 0,
    PHreduc: 0,
    SSSreduc: 0,
    HDMFreduc: 0,
    EmployerPH: 0,
    EmployerSSS: 0,
    EmployerHDMF: 290,
    total: 1208.3333333333333 },
  { _id: 58c6a129e641536c2ffc4a5c,
    eID: 6,
    adviceNumber: 111,
    issuedBy: null,
    dateIssued: 2017-03-13T13:39:53.601Z,
    company: 'Apples',
    deductibles_name: [ 'deductibles_name' ],
    deductibles: [ 500 ],
    allowance_name: [ 'allowance_name' ],
    allowance: [ 1000 ],
    startDate: 'March 1, 2017',
    endDate: 'March 30, 2017',
    PHreduc: 175,
    SSSreduc: 526.8,
    HDMFreduc: 290,
    EmployerPH: 175,
    EmployerSSS: 1078.2,
    EmployerHDMF: 290,
    BIR: 774.93,
    total: 13233.27 },
  { _id: 58c6a129e641536c2ffc4a5d,
    eID: 6,
    adviceNumber: 112,
    dateIssued: 2017-03-13T13:39:53.638Z,
    issuedBy: null,
    company: 'Apples',
    deductibles: 0,
    allowance: 0,
    PHreduc: 0,
    SSSreduc: 0,
    HDMFreduc: 0,
    EmployerPH: 0,
    EmployerSSS: 0,
    EmployerHDMF: 290,
    total: 1208.3333333333333 },
  { _id: 58c6a154956f333414ff2ce6,
    eID: 6,
    adviceNumber: 113,
    issuedBy: null,
    dateIssued: 2017-03-13T13:40:36.830Z,
    company: 'Apples',
    deductibles_name: [ 'deductibles_name' ],
    deductibles: [ 500 ],
    allowance_name: [ 'allowance_name' ],
    allowance: [ 1000 ],
    startDate: 'March 1, 2017',
    endDate: 'March 30, 2017',
    PHreduc: 175,
    SSSreduc: 526.8,
    HDMFreduc: 290,
    EmployerPH: 175,
    EmployerSSS: 1078.2,
    EmployerHDMF: 290,
    BIR: 774.93,
    total: 13233.27 },
  { _id: 58c6a154956f333414ff2ce7,
    eID: 6,
    adviceNumber: 114,
    dateIssued: 2017-03-13T13:40:36.888Z,
    issuedBy: null,
    company: 'Apples',
    deductibles: 0,
    allowance: 0,
    PHreduc: 0,
    SSSreduc: 0,
    HDMFreduc: 0,
    EmployerPH: 0,
    EmployerSSS: 0,
    EmployerHDMF: 290,
    total: 1208.3333333333333 },
  { _id: 58c6a26abab1431c256e27c3,
    eID: 6,
    adviceNumber: 115,
    issuedBy: null,
    dateIssued: 2017-03-13T13:45:14.079Z,
    company: 'Apples',
    deductibles_name: [ 'deductibles_name' ],
    deductibles: [ 500 ],
    allowance_name: [ 'allowance_name' ],
    allowance: [ 1000 ],
    startDate: 'March 1, 2017',
    endDate: 'March 30, 2017',
    PHreduc: 175,
    SSSreduc: 526.8,
    HDMFreduc: 290,
    EmployerPH: 175,
    EmployerSSS: 1078.2,
    EmployerHDMF: 290,
    BIR: 774.93,
    total: 13233.27 },
  { _id: 58c6a26abab1431c256e27c4,
    eID: 6,
    adviceNumber: 116,
    dateIssued: 2017-03-13T13:45:14.127Z,
    issuedBy: null,
    company: 'Apples',
    deductibles: 0,
    allowance: 0,
    PHreduc: 0,
    SSSreduc: 0,
    HDMFreduc: 0,
    EmployerPH: 0,
    EmployerSSS: 0,
    EmployerHDMF: 290,
    total: 1208.3333333333333 },
  { _id: 58c6a2de08b691c4010f3d25,
    eID: 6,
    adviceNumber: 117,
    issuedBy: null,
    dateIssued: 2017-03-13T13:47:10.447Z,
    company: 'Apples',
    deductibles_name: [ 'deductibles_name' ],
    deductibles: [ 500 ],
    allowance_name: [ 'allowance_name' ],
    allowance: [ 1000 ],
    startDate: 'March 1, 2017',
    endDate: 'March 30, 2017',
    PHreduc: 175,
    SSSreduc: 526.8,
    HDMFreduc: 290,
    EmployerPH: 175,
    EmployerSSS: 1078.2,
    EmployerHDMF: 290,
    BIR: 774.93,
    total: 13233.27 },
  { _id: 58c6a2de08b691c4010f3d26,
    eID: 6,
    adviceNumber: 118,
    dateIssued: 2017-03-13T13:47:10.498Z,
    issuedBy: null,
    company: 'Apples',
    deductibles: 0,
    allowance: 0,
    PHreduc: 0,
    SSSreduc: 0,
    HDMFreduc: 0,
    EmployerPH: 0,
    EmployerSSS: 0,
    EmployerHDMF: 290,
    total: 1208.3333333333333 },
  { _id: 58c6a38c91da9d4c2fc88a99,
    eID: 6,
    adviceNumber: 119,
    issuedBy: null,
    dateIssued: 2017-03-13T13:50:04.728Z,
    company: 'Apples',
    deductibles_name: [ 'deductibles_name' ],
    deductibles: [ 500 ],
    allowance_name: [ 'allowance_name' ],
    allowance: [ 1000 ],
    startDate: 'March 1, 2017',
    endDate: 'March 30, 2017',
    PHreduc: 175,
    SSSreduc: 526.8,
    HDMFreduc: 290,
    EmployerPH: 175,
    EmployerSSS: 1078.2,
    EmployerHDMF: 290,
    BIR: 774.93,
    total: 13233.27 },
  { _id: 58c6a38c91da9d4c2fc88a9a,
    eID: 6,
    adviceNumber: 120,
    dateIssued: 2017-03-13T13:50:04.772Z,
    issuedBy: null,
    company: 'Apples',
    deductibles: 0,
    allowance: 0,
    PHreduc: 0,
    SSSreduc: 0,
    HDMFreduc: 0,
    EmployerPH: 0,
    EmployerSSS: 0,
    EmployerHDMF: 290,
    total: 1208.3333333333333 },
  { _id: 58c6a426ea3265d41b7d498e,
    eID: 6,
    adviceNumber: 121,
    issuedBy: null,
    dateIssued: 2017-03-13T13:52:38.738Z,
    company: 'Apples',
    deductibles_name: [ 'deductibles_name' ],
    deductibles: [ 500 ],
    allowance_name: [ 'allowance_name' ],
    allowance: [ 1000 ],
    startDate: 'March 1, 2017',
    endDate: 'March 30, 2017',
    PHreduc: 175,
    SSSreduc: 526.8,
    HDMFreduc: 290,
    EmployerPH: 175,
    EmployerSSS: 1078.2,
    EmployerHDMF: 290,
    BIR: 774.93,
    total: 13233.27 },
  { _id: 58c6a426ea3265d41b7d498f,
    eID: 6,
    adviceNumber: 122,
    dateIssued: 2017-03-13T13:52:38.801Z,
    issuedBy: null,
    company: 'Apples',
    deductibles: 0,
    allowance: 0,
    PHreduc: 0,
    SSSreduc: 0,
    HDMFreduc: 0,
    EmployerPH: 0,
    EmployerSSS: 0,
    EmployerHDMF: 290,
    total: 1208.3333333333333 },
  { _id: 58c6b4c8303261102a9439f8,
    eID: 6,
    adviceNumber: 123,
    issuedBy: null,
    dateIssued: 2017-03-13T15:03:36.952Z,
    company: 'Apples',
    deductibles_name: [ 'deductibles_name' ],
    deductibles: [ 500 ],
    allowance_name: [ 'allowance_name' ],
    allowance: [ 1000 ],
    startDate: 'March 1, 2017',
    endDate: 'March 30, 2017',
    PHreduc: 175,
    SSSreduc: 526.8,
    HDMFreduc: 290,
    EmployerPH: 175,
    EmployerSSS: 1078.2,
    EmployerHDMF: 290,
    BIR: 774.93,
    total: 13233.27 },
  { _id: 58c6b4c8303261102a9439f9,
    eID: 6,
    adviceNumber: 124,
    dateIssued: 2017-03-13T15:03:36.684Z,
    issuedBy: null,
    company: 'Apples',
    deductibles: 0,
    allowance: 0,
    PHreduc: 0,
    SSSreduc: 0,
    HDMFreduc: 0,
    EmployerPH: 0,
    EmployerSSS: 0,
    EmployerHDMF: 290,
    total: 1208.3333333333333 },
  { _id: 58c6b50c1118f46829e28a52,
    eID: 6,
    adviceNumber: 126,
    dateIssued: 2017-03-13T15:04:44.134Z,
    issuedBy: null,
    company: 'Apples',
    deductibles: 0,
    allowance: 0,
    PHreduc: 0,
    SSSreduc: 0,
    HDMFreduc: 0,
    EmployerPH: 0,
    EmployerSSS: 0,
    EmployerHDMF: 290,
    total: 1208.3333333333333 },
  { _id: 58c6b5178ac481a009c2b0c0,
    eID: 6,
    adviceNumber: 128,
    dateIssued: 2017-03-13T15:04:55.506Z,
    issuedBy: null,
    company: 'Apples',
    deductibles: 0,
    allowance: 0,
    PHreduc: 0,
    SSSreduc: 0,
    HDMFreduc: 0,
    EmployerPH: 0,
    EmployerSSS: 0,
    EmployerHDMF: 290,
    total: 1208.3333333333333 },
  { _id: 58c6b51e047d61741a0b10ef,
    eID: 6,
    adviceNumber: 129,
    issuedBy: null,
    dateIssued: 2017-03-13T15:05:02.945Z,
    company: 'Apples',
    deductibles_name: [ 'deductibles_name' ],
    deductibles: [ 500 ],
    allowance_name: [ 'allowance_name' ],
    allowance: [ 1000 ],
    startDate: 'March 1, 2017',
    endDate: 'March 30, 2017',
    PHreduc: 175,
    SSSreduc: 526.8,
    HDMFreduc: 290,
    EmployerPH: 175,
    EmployerSSS: 1078.2,
    EmployerHDMF: 290,
    BIR: 774.93,
    total: 13233.27 },
  { _id: 58c6b51e047d61741a0b10f0,
    eID: 6,
    adviceNumber: 130,
    dateIssued: 2017-03-13T15:05:02.993Z,
    issuedBy: null,
    company: 'Apples',
    deductibles: 0,
    allowance: 0,
    PHreduc: 0,
    SSSreduc: 0,
    HDMFreduc: 0,
    EmployerPH: 0,
    EmployerSSS: 0,
    EmployerHDMF: 290,
    total: 1208.3333333333333 },
  { _id: 58c6b57e8cddbd9417012fdd,
    eID: 6,
    adviceNumber: 131,
    issuedBy: null,
    dateIssued: 2017-03-13T15:06:38.688Z,
    company: 'Apples',
    deductibles_name: [ 'deductibles_name' ],
    deductibles: [ 500 ],
    allowance_name: [ 'allowance_name' ],
    allowance: [ 1000 ],
    startDate: 'March 1, 2017',
    endDate: 'March 30, 2017',
    PHreduc: 175,
    SSSreduc: 526.8,
    HDMFreduc: 290,
    EmployerPH: 175,
    EmployerSSS: 1078.2,
    EmployerHDMF: 290,
    BIR: 774.93,
    total: 13233.27 },
  { _id: 58c6b57e8cddbd9417012fde,
    eID: 6,
    adviceNumber: 132,
    dateIssued: 2017-03-13T15:06:38.732Z,
    issuedBy: null,
    company: 'Apples',
    deductibles: 0,
    allowance: 0,
    PHreduc: 0,
    SSSreduc: 0,
    HDMFreduc: 0,
    EmployerPH: 0,
    EmployerSSS: 0,
    EmployerHDMF: 290,
    total: 1208.3333333333333 },
  { _id: 58c6b5a884a9b49020265301,
    eID: 6,
    adviceNumber: 133,
    issuedBy: null,
    dateIssued: 2017-03-13T15:07:20.075Z,
    company: 'Apples',
    deductibles_name: [ 'deductibles_name' ],
    deductibles: [ 500 ],
    allowance_name: [ 'allowance_name' ],
    allowance: [ 1000 ],
    startDate: 'March 1, 2017',
    endDate: 'March 30, 2017',
    PHreduc: 175,
    SSSreduc: 526.8,
    HDMFreduc: 290,
    EmployerPH: 175,
    EmployerSSS: 1078.2,
    EmployerHDMF: 290,
    BIR: 774.93,
    total: 13233.27 },
  { _id: 58c6b5a884a9b49020265302,
    eID: 6,
    adviceNumber: 134,
    dateIssued: 2017-03-13T15:07:20.125Z,
    issuedBy: null,
    company: 'Apples',
    deductibles: 0,
    allowance: 0,
    PHreduc: 0,
    SSSreduc: 0,
    HDMFreduc: 0,
    EmployerPH: 0,
    EmployerSSS: 0,
    EmployerHDMF: 290,
    total: 1208.3333333333333 },
  { _id: 58c6b6ca6a56200409e71210,
    eID: 6,
    adviceNumber: 135,
    issuedBy: null,
    dateIssued: 2017-03-13T15:12:10.380Z,
    company: 'Apples',
    deductibles_name: [ 'deductibles_name' ],
    deductibles: [ 500 ],
    allowance_name: [ 'allowance_name' ],
    allowance: [ 1000 ],
    startDate: 'March 1, 2017',
    endDate: 'March 30, 2017',
    PHreduc: 175,
    SSSreduc: 526.8,
    HDMFreduc: 290,
    EmployerPH: 175,
    EmployerSSS: 1078.2,
    EmployerHDMF: 290,
    BIR: 774.93,
    total: 13233.27 },
  { _id: 58c6b6ca6a56200409e71211,
    eID: 6,
    adviceNumber: 136,
    dateIssued: 2017-03-13T15:12:10.425Z,
    issuedBy: null,
    company: 'Apples',
    deductibles: 0,
    allowance: 0,
    PHreduc: 0,
    SSSreduc: 0,
    HDMFreduc: 0,
    EmployerPH: 0,
    EmployerSSS: 0,
    EmployerHDMF: 290,
    total: 1208.3333333333333 },
  { _id: 58c6b7218cd84cb828e1755e,
    eID: 6,
    adviceNumber: 137,
    issuedBy: null,
    dateIssued: 2017-03-13T15:13:37.305Z,
    company: 'Apples',
    deductibles_name: [ 'deductibles_name' ],
    deductibles: [ 500 ],
    allowance_name: [ 'allowance_name' ],
    allowance: [ 1000 ],
    startDate: 'March 1, 2017',
    endDate: 'March 30, 2017',
    PHreduc: 175,
    SSSreduc: 526.8,
    HDMFreduc: 290,
    EmployerPH: 175,
    EmployerSSS: 1078.2,
    EmployerHDMF: 290,
    BIR: 774.93,
    total: 13233.27 },
  { _id: 58c6b7218cd84cb828e1755f,
    eID: 6,
    adviceNumber: 138,
    dateIssued: 2017-03-13T15:13:37.358Z,
    issuedBy: null,
    company: 'Apples',
    deductibles: 0,
    allowance: 0,
    PHreduc: 0,
    SSSreduc: 0,
    HDMFreduc: 0,
    EmployerPH: 0,
    EmployerSSS: 0,
    EmployerHDMF: 290,
    total: 1208.3333333333333 },
  { _id: 58c6b7369be685ec15909cd9,
    eID: 6,
    adviceNumber: 140,
    dateIssued: 2017-03-13T15:13:58.735Z,
    issuedBy: null,
    company: 'Apples',
    deductibles: 0,
    allowance: 0,
    PHreduc: 0,
    SSSreduc: 0,
    HDMFreduc: 0,
    EmployerPH: 0,
    EmployerSSS: 0,
    EmployerHDMF: 290,
    total: 1208.3333333333333 },
  { _id: 58c6be7f8eff623029a25169,
    eID: 6,
    adviceNumber: 141,
    dateIssued: 2017-03-13T15:45:03.453Z,
    issuedBy: null,
    company: 'Apples',
    deductibles: 0,
    allowance: 0,
    PHreduc: 0,
    SSSreduc: 0,
    HDMFreduc: 0,
    EmployerPH: 0,
    EmployerSSS: 0,
    EmployerHDMF: 290,
    total: 1208.3333333333333 },
  { _id: 58c6be7f8eff623029a2516b,
    eID: 6,
    adviceNumber: 141,
    issuedBy: null,
    dateIssued: 2017-03-13T15:45:03.643Z,
    company: 'Apples',
    deductibles_name: [ 'deductibles_name' ],
    deductibles: [ 500 ],
    allowance_name: [ 'allowance_name' ],
    allowance: [ 1000 ],
    startDate: 'March 1, 2017',
    endDate: 'March 30, 2017',
    PHreduc: 175,
    SSSreduc: 526.8,
    HDMFreduc: 290,
    EmployerPH: 175,
    EmployerSSS: 1078.2,
    EmployerHDMF: 290,
    BIR: 774.93,
    total: 13233.27 },
  { _id: 58c6be9ac6d79f940a275776,
    eID: 6,
    adviceNumber: 144,
    dateIssued: 2017-03-13T15:45:30.043Z,
    issuedBy: null,
    company: 'Apples',
    deductibles: 0,
    allowance: 0,
    PHreduc: 0,
    SSSreduc: 0,
    HDMFreduc: 0,
    EmployerPH: 0,
    EmployerSSS: 0,
    EmployerHDMF: 290,
    total: 1208.3333333333333 },
  { _id: 58c6bea93eadf424247f872a,
    eID: 6,
    adviceNumber: 146,
    dateIssued: 2017-03-13T15:45:45.159Z,
    issuedBy: null,
    company: 'Apples',
    deductibles: 0,
    allowance: 0,
    PHreduc: 0,
    SSSreduc: 0,
    HDMFreduc: 0,
    EmployerPH: 0,
    EmployerSSS: 0,
    EmployerHDMF: 290,
    total: 1208.3333333333333 },
  { _id: 58c6bebec3d246d027626fee,
    eID: 6,
    adviceNumber: 147,
    issuedBy: null,
    dateIssued: 2017-03-13T15:46:06.573Z,
    company: 'Apples',
    deductibles_name: [ 'deductibles_name' ],
    deductibles: [ 500 ],
    allowance_name: [ 'allowance_name' ],
    allowance: [ 1000 ],
    startDate: 'March 1, 2017',
    endDate: 'March 30, 2017',
    PHreduc: 175,
    SSSreduc: 526.8,
    HDMFreduc: 290,
    EmployerPH: 175,
    EmployerSSS: 1078.2,
    EmployerHDMF: 290,
    BIR: 774.93,
    total: 13233.27 },
  { _id: 58c6bebec3d246d027626fef,
    eID: 6,
    adviceNumber: 148,
    dateIssued: 2017-03-13T15:46:06.609Z,
    issuedBy: null,
    company: 'Apples',
    deductibles: 0,
    allowance: 0,
    PHreduc: 0,
    SSSreduc: 0,
    HDMFreduc: 0,
    EmployerPH: 0,
    EmployerSSS: 0,
    EmployerHDMF: 290,
    total: 1208.3333333333333 },
  { _id: 58c6beca07e4ac8004571c86,
    eID: 6,
    adviceNumber: 149,
    issuedBy: null,
    dateIssued: 2017-03-13T15:46:18.816Z,
    company: 'Apples',
    deductibles_name: [ 'deductibles_name' ],
    deductibles: [ 500 ],
    allowance_name: [ 'allowance_name' ],
    allowance: [ 1000 ],
    startDate: 'March 1, 2017',
    endDate: 'March 30, 2017',
    PHreduc: 175,
    SSSreduc: 526.8,
    HDMFreduc: 290,
    EmployerPH: 175,
    EmployerSSS: 1078.2,
    EmployerHDMF: 290,
    BIR: 774.93,
    total: 13233.27 },
  { _id: 58c6beca07e4ac8004571c87,
    eID: 6,
    adviceNumber: 150,
    dateIssued: 2017-03-13T15:46:18.858Z,
    issuedBy: null,
    company: 'Apples',
    deductibles: 0,
    allowance: 0,
    PHreduc: 0,
    SSSreduc: 0,
    HDMFreduc: 0,
    EmployerPH: 0,
    EmployerSSS: 0,
    EmployerHDMF: 290,
    total: 1208.3333333333333 },
  { _id: 58c6c1f786b20808178d62ec,
    eID: 6,
    adviceNumber: 151,
    issuedBy: null,
    dateIssued: 2017-03-13T15:59:51.129Z,
    company: 'Apples',
    deductibles_name: [ 'deductibles_name' ],
    deductibles: [ 500 ],
    allowance_name: [ 'allowance_name' ],
    allowance: [ 1000 ],
    startDate: 'March 1, 2017',
    endDate: 'March 30, 2017',
    PHreduc: 175,
    SSSreduc: 526.8,
    HDMFreduc: 290,
    EmployerPH: 175,
    EmployerSSS: 1078.2,
    EmployerHDMF: 290,
    BIR: 774.93,
    total: 13233.27 },
  { _id: 58c6c1f786b20808178d62ed,
    eID: 6,
    adviceNumber: 152,
    dateIssued: 2017-03-13T15:59:51.192Z,
    issuedBy: null,
    company: 'Apples',
    deductibles: 0,
    allowance: 0,
    PHreduc: 0,
    SSSreduc: 0,
    HDMFreduc: 0,
    EmployerPH: 0,
    EmployerSSS: 0,
    EmployerHDMF: 290,
    total: 1208.3333333333333 },
  { _id: 58c6c22109cd0e0c14aa3851,
    eID: 6,
    adviceNumber: 153,
    issuedBy: null,
    dateIssued: 2017-03-13T16:00:33.400Z,
    company: 'Apples',
    deductibles_name: [ 'deductibles_name' ],
    deductibles: [ 500 ],
    allowance_name: [ 'allowance_name' ],
    allowance: [ 1000 ],
    startDate: 'March 1, 2017',
    endDate: 'March 30, 2017',
    PHreduc: 175,
    SSSreduc: 526.8,
    HDMFreduc: 290,
    EmployerPH: 175,
    EmployerSSS: 1078.2,
    EmployerHDMF: 290,
    BIR: 774.93,
    total: 13233.27 },
  { _id: 58c6c22109cd0e0c14aa3852,
    eID: 6,
    adviceNumber: 154,
    dateIssued: 2017-03-13T16:00:33.434Z,
    issuedBy: null,
    company: 'Apples',
    deductibles: 0,
    allowance: 0,
    PHreduc: 0,
    SSSreduc: 0,
    HDMFreduc: 0,
    EmployerPH: 0,
    EmployerSSS: 0,
    EmployerHDMF: 290,
    total: 1208.3333333333333 },
  { _id: 58c6c2383240015813304f53,
    eID: 6,
    adviceNumber: 155,
    issuedBy: null,
    dateIssued: 2017-03-13T16:00:56.641Z,
    company: 'Apples',
    deductibles_name: [ 'deductibles_name' ],
    deductibles: [ 500 ],
    allowance_name: [ 'allowance_name' ],
    allowance: [ 1000 ],
    startDate: 'March 1, 2017',
    endDate: 'March 30, 2017',
    PHreduc: 175,
    SSSreduc: 526.8,
    HDMFreduc: 290,
    EmployerPH: 175,
    EmployerSSS: 1078.2,
    EmployerHDMF: 290,
    BIR: 774.93,
    total: 13233.27 },
  { _id: 58c6c2383240015813304f54,
    eID: 6,
    adviceNumber: 156,
    dateIssued: 2017-03-13T16:00:56.683Z,
    issuedBy: null,
    company: 'Apples',
    deductibles: 0,
    allowance: 0,
    PHreduc: 0,
    SSSreduc: 0,
    HDMFreduc: 0,
    EmployerPH: 0,
    EmployerSSS: 0,
    EmployerHDMF: 290,
    total: 1208.3333333333333 },
  { _id: 58c6c2521be04b4010bf4e5b,
    eID: 6,
    adviceNumber: 157,
    issuedBy: null,
    dateIssued: 2017-03-13T16:01:22.962Z,
    company: 'Apples',
    deductibles_name: [ 'deductibles_name' ],
    deductibles: [ 500 ],
    allowance_name: [ 'allowance_name' ],
    allowance: [ 1000 ],
    startDate: 'March 1, 2017',
    endDate: 'March 30, 2017',
    PHreduc: 175,
    SSSreduc: 526.8,
    HDMFreduc: 290,
    EmployerPH: 175,
    EmployerSSS: 1078.2,
    EmployerHDMF: 290,
    BIR: 774.93,
    total: 13233.27 },
  { _id: 58c6c2531be04b4010bf4e5c,
    eID: 6,
    adviceNumber: 158,
    dateIssued: 2017-03-13T16:01:23.005Z,
    issuedBy: null,
    company: 'Apples',
    deductibles: 0,
    allowance: 0,
    PHreduc: 0,
    SSSreduc: 0,
    HDMFreduc: 0,
    EmployerPH: 0,
    EmployerSSS: 0,
    EmployerHDMF: 290,
    total: 1208.3333333333333 },
  { _id: 58c6c2a3ee12c1181d33b6b6,
    eID: 6,
    adviceNumber: 159,
    issuedBy: null,
    dateIssued: 2017-03-13T16:02:43.486Z,
    company: 'Apples',
    deductibles_name: [ 'deductibles_name' ],
    deductibles: [ 500 ],
    allowance_name: [ 'allowance_name' ],
    allowance: [ 1000 ],
    startDate: 'March 1, 2017',
    endDate: 'March 30, 2017',
    PHreduc: 175,
    SSSreduc: 526.8,
    HDMFreduc: 290,
    EmployerPH: 175,
    EmployerSSS: 1078.2,
    EmployerHDMF: 290,
    BIR: 774.93,
    total: 13233.27 },
  { _id: 58c6c2a3ee12c1181d33b6b7,
    eID: 6,
    adviceNumber: 160,
    dateIssued: 2017-03-13T16:02:43.530Z,
    issuedBy: null,
    company: 'Apples',
    deductibles: 0,
    allowance: 0,
    PHreduc: 0,
    SSSreduc: 0,
    HDMFreduc: 0,
    EmployerPH: 0,
    EmployerSSS: 0,
    EmployerHDMF: 290,
    total: 1208.3333333333333 },
  { _id: 58c6c2b4972cea482edfa7ff,
    eID: 6,
    adviceNumber: 161,
    issuedBy: null,
    dateIssued: 2017-03-13T16:03:00.331Z,
    company: 'Apples',
    deductibles_name: [ 'deductibles_name' ],
    deductibles: [ 500 ],
    allowance_name: [ 'allowance_name' ],
    allowance: [ 1000 ],
    startDate: 'March 1, 2017',
    endDate: 'March 30, 2017',
    PHreduc: 175,
    SSSreduc: 526.8,
    HDMFreduc: 290,
    EmployerPH: 175,
    EmployerSSS: 1078.2,
    EmployerHDMF: 290,
    BIR: 774.93,
    total: 13233.27 },
  { _id: 58c6c2b4972cea482edfa800,
    eID: 6,
    adviceNumber: 162,
    dateIssued: 2017-03-13T16:03:00.367Z,
    issuedBy: null,
    company: 'Apples',
    deductibles: 0,
    allowance: 0,
    PHreduc: 0,
    SSSreduc: 0,
    HDMFreduc: 0,
    EmployerPH: 0,
    EmployerSSS: 0,
    EmployerHDMF: 290,
    total: 1208.3333333333333 },
  { _id: 58c6c2d33fba809024d9c2ce,
    eID: 6,
    adviceNumber: 164,
    dateIssued: 2017-03-13T16:03:31.295Z,
    issuedBy: null,
    company: 'Apples',
    deductibles: 0,
    allowance: 0,
    PHreduc: 0,
    SSSreduc: 0,
    HDMFreduc: 0,
    EmployerPH: 0,
    EmployerSSS: 0,
    EmployerHDMF: 290,
    total: 1208.3333333333333 },
  { _id: 58c6c31dddbf236817af51f5,
    eID: 6,
    adviceNumber: 166,
    dateIssued: 2017-03-13T16:04:45.646Z,
    issuedBy: null,
    company: 'Apples',
    deductibles: 0,
    allowance: 0,
    PHreduc: 0,
    SSSreduc: 0,
    HDMFreduc: 0,
    EmployerPH: 0,
    EmployerSSS: 0,
    EmployerHDMF: 290,
    total: 1208.3333333333333 },
  { _id: 58c6c33052b5c1cc246caf95,
    eID: 6,
    adviceNumber: 168,
    dateIssued: 2017-03-13T16:05:04.442Z,
    issuedBy: null,
    company: 'Apples',
    deductibles: 0,
    allowance: 0,
    PHreduc: 0,
    SSSreduc: 0,
    HDMFreduc: 0,
    EmployerPH: 0,
    EmployerSSS: 0,
    EmployerHDMF: 290,
    total: 1208.3333333333333 },
  { _id: 58c6c334bf59072427d02eda,
    eID: 6,
    adviceNumber: 170,
    dateIssued: 2017-03-13T16:05:08.724Z,
    issuedBy: null,
    company: 'Apples',
    deductibles: 0,
    allowance: 0,
    PHreduc: 0,
    SSSreduc: 0,
    HDMFreduc: 0,
    EmployerPH: 0,
    EmployerSSS: 0,
    EmployerHDMF: 290,
    total: 1208.3333333333333 },
  { _id: 58c6c33a319bfaf00bae106a,
    eID: 6,
    adviceNumber: 172,
    dateIssued: 2017-03-13T16:05:14.369Z,
    issuedBy: null,
    company: 'Apples',
    deductibles: 0,
    allowance: 0,
    PHreduc: 0,
    SSSreduc: 0,
    HDMFreduc: 0,
    EmployerPH: 0,
    EmployerSSS: 0,
    EmployerHDMF: 290,
    total: 1208.3333333333333 },
  { _id: 58c6c3436f69e39819385b34,
    eID: 6,
    adviceNumber: 174,
    dateIssued: 2017-03-13T16:05:23.558Z,
    issuedBy: null,
    company: 'Apples',
    deductibles: 0,
    allowance: 0,
    PHreduc: 0,
    SSSreduc: 0,
    HDMFreduc: 0,
    EmployerPH: 0,
    EmployerSSS: 0,
    EmployerHDMF: 290,
    total: 1208.3333333333333 },
  { _id: 58c6c34d79b469bc2292697f,
    eID: 6,
    adviceNumber: 176,
    dateIssued: 2017-03-13T16:05:33.752Z,
    issuedBy: null,
    company: 'Apples',
    deductibles: 0,
    allowance: 0,
    PHreduc: 0,
    SSSreduc: 0,
    HDMFreduc: 0,
    EmployerPH: 0,
    EmployerSSS: 0,
    EmployerHDMF: 290,
    total: 1208.3333333333333 },
  { _id: 58c6c35adeb6e8640db44d78,
    eID: 6,
    adviceNumber: 178,
    dateIssued: 2017-03-13T16:05:46.443Z,
    issuedBy: null,
    company: 'Apples',
    deductibles: 0,
    allowance: 0,
    PHreduc: 0,
    SSSreduc: 0,
    HDMFreduc: 0,
    EmployerPH: 0,
    EmployerSSS: 0,
    EmployerHDMF: 290,
    total: 1208.3333333333333 },
  { _id: 58c6c39dd3f3436412a9f993,
    eID: 6,
    adviceNumber: 180,
    dateIssued: 2017-03-13T16:06:53.221Z,
    issuedBy: null,
    company: 'Apples',
    deductibles: 0,
    allowance: 0,
    PHreduc: 0,
    SSSreduc: 0,
    HDMFreduc: 0,
    EmployerPH: 0,
    EmployerSSS: 0,
    EmployerHDMF: 290,
    total: 1208.3333333333333 },
  { _id: 58c6c3b003f4e15c2fd7dc84,
    eID: 6,
    adviceNumber: 182,
    dateIssued: 2017-03-13T16:07:12.059Z,
    issuedBy: null,
    company: 'Apples',
    deductibles: 0,
    allowance: 0,
    PHreduc: 0,
    SSSreduc: 0,
    HDMFreduc: 0,
    EmployerPH: 0,
    EmployerSSS: 0,
    EmployerHDMF: 290,
    total: 1208.3333333333333 },
  { _id: 58c6c3c126826a8808c1f2e0,
    eID: 6,
    adviceNumber: 184,
    dateIssued: 2017-03-13T16:07:29.527Z,
    issuedBy: null,
    company: 'Apples',
    deductibles: 0,
    allowance: 0,
    PHreduc: 0,
    SSSreduc: 0,
    HDMFreduc: 0,
    EmployerPH: 0,
    EmployerSSS: 0,
    EmployerHDMF: 290,
    total: 1208.3333333333333 },
  { _id: 58c6c3d76fdfcdbc275f47ee,
    eID: 6,
    adviceNumber: 186,
    dateIssued: 2017-03-13T16:07:51.893Z,
    issuedBy: null,
    company: 'Apples',
    deductibles: 0,
    allowance: 0,
    PHreduc: 0,
    SSSreduc: 0,
    HDMFreduc: 0,
    EmployerPH: 0,
    EmployerSSS: 0,
    EmployerHDMF: 290,
    total: 1208.3333333333333 },
  { _id: 58c6c41472b736781e952617,
    eID: 6,
    adviceNumber: 188,
    dateIssued: 2017-03-13T16:08:52.162Z,
    issuedBy: null,
    company: 'Apples',
    deductibles: 0,
    allowance: 0,
    PHreduc: 0,
    SSSreduc: 0,
    HDMFreduc: 0,
    EmployerPH: 0,
    EmployerSSS: 0,
    EmployerHDMF: 290,
    total: 1208.3333333333333 },
  { _id: 58c6c4284714a41c09dbe5af,
    eID: 6,
    adviceNumber: 190,
    dateIssued: 2017-03-13T16:09:12.187Z,
    issuedBy: null,
    company: 'Apples',
    deductibles: 0,
    allowance: 0,
    PHreduc: 0,
    SSSreduc: 0,
    HDMFreduc: 0,
    EmployerPH: 0,
    EmployerSSS: 0,
    EmployerHDMF: 290,
    total: 1208.3333333333333 },
  { _id: 58c6c42f5f8195f426474b7f,
    eID: 6,
    adviceNumber: 192,
    dateIssued: 2017-03-13T16:09:19.679Z,
    issuedBy: null,
    company: 'Apples',
    deductibles: 0,
    allowance: 0,
    PHreduc: 0,
    SSSreduc: 0,
    HDMFreduc: 0,
    EmployerPH: 0,
    EmployerSSS: 0,
    EmployerHDMF: 290,
    total: 1208.3333333333333 },
  { _id: 58c6c465f71941340da40c8b,
    eID: 6,
    adviceNumber: 194,
    dateIssued: 2017-03-13T16:10:13.835Z,
    issuedBy: null,
    company: 'Apples',
    deductibles: 0,
    allowance: 0,
    PHreduc: 0,
    SSSreduc: 0,
    HDMFreduc: 0,
    EmployerPH: 0,
    EmployerSSS: 0,
    EmployerHDMF: 290,
    total: 1208.3333333333333 },
  { _id: 58c6c4938bc692542d569f92,
    eID: 6,
    adviceNumber: 196,
    dateIssued: 2017-03-13T16:10:59.595Z,
    issuedBy: null,
    company: 'Apples',
    deductibles: 0,
    allowance: 0,
    PHreduc: 0,
    SSSreduc: 0,
    HDMFreduc: 0,
    EmployerPH: 0,
    EmployerSSS: 0,
    EmployerHDMF: 290,
    total: 1208.3333333333333 },
  { _id: 58c6c49a266d15842140b2e8,
    eID: 6,
    adviceNumber: 198,
    dateIssued: 2017-03-13T16:11:06.334Z,
    issuedBy: null,
    company: 'Apples',
    deductibles: 0,
    allowance: 0,
    PHreduc: 0,
    SSSreduc: 0,
    HDMFreduc: 0,
    EmployerPH: 0,
    EmployerSSS: 0,
    EmployerHDMF: 290,
    total: 1208.3333333333333 },
  { _id: 58c6c49d7d8fe7601e5640b0,
    eID: 6,
    adviceNumber: 200,
    dateIssued: 2017-03-13T16:11:09.873Z,
    issuedBy: null,
    company: 'Apples',
    deductibles: 0,
    allowance: 0,
    PHreduc: 0,
    SSSreduc: 0,
    HDMFreduc: 0,
    EmployerPH: 0,
    EmployerSSS: 0,
    EmployerHDMF: 290,
    total: 1208.3333333333333 },
  { _id: 58c6c521cd863838270fdc89,
    eID: 6,
    adviceNumber: 203,
    dateIssued: 2017-03-13T16:13:21.015Z,
    issuedBy: null,
    company: 'Apples',
    deductibles: 0,
    allowance: 0,
    PHreduc: 0,
    SSSreduc: 0,
    HDMFreduc: 0,
    EmployerPH: 0,
    EmployerSSS: 0,
    EmployerHDMF: 290,
    total: 1208.3333333333333 },
  { _id: 58c6c52923f4e1fc1c2261c1,
    eID: 6,
    adviceNumber: 205,
    dateIssued: 2017-03-13T16:13:29.104Z,
    issuedBy: null,
    company: 'Apples',
    deductibles: 0,
    allowance: 0,
    PHreduc: 0,
    SSSreduc: 0,
    HDMFreduc: 0,
    EmployerPH: 0,
    EmployerSSS: 0,
    EmployerHDMF: 290,
    total: 1208.3333333333333 },
  { _id: 58c6c5506876f9c02a8f7d87,
    eID: 6,
    adviceNumber: 207,
    dateIssued: 2017-03-13T16:14:08.666Z,
    issuedBy: null,
    company: 'Apples',
    deductibles: 0,
    allowance: 0,
    PHreduc: 0,
    SSSreduc: 0,
    HDMFreduc: 0,
    EmployerPH: 0,
    EmployerSSS: 0,
    EmployerHDMF: 290,
    total: 1208.3333333333333 },
  { _id: 58c6c55a19a7042c23a2397e,
    eID: 6,
    adviceNumber: 209,
    dateIssued: 2017-03-13T16:14:18.662Z,
    issuedBy: null,
    company: 'Apples',
    deductibles: 0,
    allowance: 0,
    PHreduc: 0,
    SSSreduc: 0,
    HDMFreduc: 0,
    EmployerPH: 0,
    EmployerSSS: 0,
    EmployerHDMF: 290,
    total: 1208.3333333333333 },
  { _id: 58c6c57fcc9a8ba819c7a2f3,
    eID: 6,
    adviceNumber: 211,
    dateIssued: 2017-03-13T16:14:55.152Z,
    issuedBy: null,
    company: 'Apples',
    deductibles: 0,
    allowance: 0,
    PHreduc: 0,
    SSSreduc: 0,
    HDMFreduc: 0,
    EmployerPH: 0,
    EmployerSSS: 0,
    EmployerHDMF: 290,
    total: 1208.3333333333333 },
  { _id: 58c6c58335977fe822642bdf,
    eID: 6,
    adviceNumber: 213,
    dateIssued: 2017-03-13T16:14:59.899Z,
    issuedBy: null,
    company: 'Apples',
    deductibles: 0,
    allowance: 0,
    PHreduc: 0,
    SSSreduc: 0,
    HDMFreduc: 0,
    EmployerPH: 0,
    EmployerSSS: 0,
    EmployerHDMF: 290,
    total: 1208.3333333333333 },
  { _id: 58c6c58c0571a48c18ea96c0,
    eID: 6,
    adviceNumber: 215,
    dateIssued: 2017-03-13T16:15:08.804Z,
    issuedBy: null,
    company: 'Apples',
    deductibles: 0,
    allowance: 0,
    PHreduc: 0,
    SSSreduc: 0,
    HDMFreduc: 0,
    EmployerPH: 0,
    EmployerSSS: 0,
    EmployerHDMF: 290,
    total: 1208.3333333333333 },
  { _id: 58c6c5941e5b291817c4f00a,
    eID: 6,
    adviceNumber: 217,
    dateIssued: 2017-03-13T16:15:16.969Z,
    issuedBy: null,
    company: 'Apples',
    deductibles: 0,
    allowance: 0,
    PHreduc: 0,
    SSSreduc: 0,
    HDMFreduc: 0,
    EmployerPH: 0,
    EmployerSSS: 0,
    EmployerHDMF: 290,
    total: 1208.3333333333333 },
  { _id: 58c6c59c4c75879c2cad6ebf,
    eID: 6,
    adviceNumber: 219,
    dateIssued: 2017-03-13T16:15:24.454Z,
    issuedBy: null,
    company: 'Apples',
    deductibles: 0,
    allowance: 0,
    PHreduc: 0,
    SSSreduc: 0,
    HDMFreduc: 0,
    EmployerPH: 0,
    EmployerSSS: 0,
    EmployerHDMF: 290,
    total: 1208.3333333333333 },
  { _id: 58c6c5a7f849faf818019a8a,
    eID: 6,
    adviceNumber: 221,
    dateIssued: 2017-03-13T16:15:35.932Z,
    issuedBy: null,
    company: 'Apples',
    deductibles: 0,
    allowance: 0,
    PHreduc: 0,
    SSSreduc: 0,
    HDMFreduc: 0,
    EmployerPH: 0,
    EmployerSSS: 0,
    EmployerHDMF: 290,
    total: 1208.3333333333333 },
  { _id: 58c6c5ef3a3559f00b23a5c6,
    eID: 6,
    adviceNumber: 223,
    dateIssued: 2017-03-13T16:16:47.825Z,
    issuedBy: null,
    company: 'Apples',
    deductibles: 0,
    allowance: 0,
    PHreduc: 0,
    SSSreduc: 0,
    HDMFreduc: 0,
    EmployerPH: 0,
    EmployerSSS: 0,
    EmployerHDMF: 290,
    total: 1208.3333333333333 },
  { _id: 58c6c5fa5f4b97602f58e0c9,
    eID: 6,
    adviceNumber: 224,
    issuedBy: null,
    dateIssued: 2017-03-13T16:16:58.959Z,
    company: 'Apples',
    deductibles_name: [ 'deductibles_name' ],
    deductibles: [ 500 ],
    allowance_name: [ 'allowance_name' ],
    allowance: [ 1000 ],
    startDate: 'March 1, 2017',
    endDate: 'March 30, 2017',
    PHreduc: 175,
    SSSreduc: 526.8,
    HDMFreduc: 290,
    EmployerPH: 175,
    EmployerSSS: 1078.2,
    EmployerHDMF: 290,
    BIR: 774.93,
    total: 13233.27 },
  { _id: 58c6c5fb5f4b97602f58e0ca,
    eID: 6,
    adviceNumber: 225,
    dateIssued: 2017-03-13T16:16:59.005Z,
    issuedBy: null,
    company: 'Apples',
    deductibles: 0,
    allowance: 0,
    PHreduc: 0,
    SSSreduc: 0,
    HDMFreduc: 0,
    EmployerPH: 0,
    EmployerSSS: 0,
    EmployerHDMF: 290,
    total: 1208.3333333333333 },
  { _id: 58c6c60ffb8c72781c17c6a8,
    eID: 6,
    adviceNumber: 227,
    dateIssued: 2017-03-13T16:17:19.353Z,
    issuedBy: null,
    company: 'Apples',
    deductibles: 0,
    allowance: 0,
    PHreduc: 0,
    SSSreduc: 0,
    HDMFreduc: 0,
    EmployerPH: 0,
    EmployerSSS: 0,
    EmployerHDMF: 290,
    total: 1208.3333333333333 },
  { _id: 58c6c61f4c911f281cd50d38,
    eID: 6,
    adviceNumber: 228,
    issuedBy: null,
    dateIssued: 2017-03-13T16:17:35.452Z,
    company: 'Apples',
    deductibles_name: [ 'deductibles_name' ],
    deductibles: [ 500 ],
    allowance_name: [ 'allowance_name' ],
    allowance: [ 1000 ],
    startDate: 'March 1, 2017',
    endDate: 'March 30, 2017',
    PHreduc: 175,
    SSSreduc: 526.8,
    HDMFreduc: 290,
    EmployerPH: 175,
    EmployerSSS: 1078.2,
    EmployerHDMF: 290,
    BIR: 774.93,
    total: 13233.27 },
  { _id: 58c6c61f4c911f281cd50d39,
    eID: 6,
    adviceNumber: 229,
    dateIssued: 2017-03-13T16:17:35.494Z,
    issuedBy: null,
    company: 'Apples',
    deductibles: 0,
    allowance: 0,
    PHreduc: 0,
    SSSreduc: 0,
    HDMFreduc: 0,
    EmployerPH: 0,
    EmployerSSS: 0,
    EmployerHDMF: 290,
    total: 1208.3333333333333 },
  { _id: 58c6c6bea0a224941704aa94,
    eID: 6,
    adviceNumber: 230,
    issuedBy: null,
    dateIssued: 2017-03-13T16:20:14.426Z,
    company: 'Apples',
    deductibles_name: [ 'deductibles_name' ],
    deductibles: [ 500 ],
    allowance_name: [ 'allowance_name' ],
    allowance: [ 1000 ],
    startDate: 'March 1, 2017',
    endDate: 'March 30, 2017',
    PHreduc: 175,
    SSSreduc: 526.8,
    HDMFreduc: 290,
    EmployerPH: 175,
    EmployerSSS: 1078.2,
    EmployerHDMF: 290,
    BIR: 774.93,
    total: 13233.27 },
  ... 10 more items ]
[0mGET /payslip_view [32m200 [0m1979.443 ms - 74915[0m
[0mGET /semantic/dist/semantic.min.css [36m304 [0m2.530 ms - -[0m
[0mGET /javascripts/jquery-3.1.1.min.js [36m304 [0m3.443 ms - -[0m
[0mGET /semantic/dist/semantic.min.js [36m304 [0m3.520 ms - -[0m
[0mGET /javascripts/printThis.js [36m304 [0m3.657 ms - -[0m
[0mGET /bower_components/semantic-ui-calendar/dist/calendar.min.js [36m304 [0m4.297 ms - -[0m
[0mGET /bower_components/semantic-ui-calendar/dist/calendar.min.css [36m304 [0m4.445 ms - -[0m
[0mGET /public/stylesheets/style.css [33m404 [0m54.721 ms - 5540[0m
[0mGET /javascripts/scripts.js [36m304 [0m0.431 ms - -[0m
[0mGET /public/stylesheets/style.css [33m404 [0m45.634 ms - 5540[0m
[0mGET /images/Logo.png [36m304 [0m0.502 ms - -[0m
[0mGET /semantic/dist/themes/default/assets/fonts/icons.woff2 [36m304 [0m0.706 ms - -[0m
[0mGET /javascripts/table.js [32m200 [0m223.195 ms - 1127[0m
[0mGET /controlpanel [32m200 [0m154.476 ms - 6895[0m
[0mGET /semantic/dist/semantic.min.css [36m304 [0m1.767 ms - -[0m
[0mGET /javascripts/jquery-3.1.1.min.js [36m304 [0m5.178 ms - -[0m
[0mGET /semantic/dist/semantic.min.js [36m304 [0m3.089 ms - -[0m
[0mGET /javascripts/printThis.js [36m304 [0m3.313 ms - -[0m
[0mGET /public/stylesheets/style.css [33m404 [0m46.911 ms - 5540[0m
[0mGET /bower_components/semantic-ui-calendar/dist/calendar.min.js [36m304 [0m48.811 ms - -[0m
[0mGET /bower_components/semantic-ui-calendar/dist/calendar.min.css [36m304 [0m49.810 ms - -[0m
[0mGET /images/Logo.png [36m304 [0m0.419 ms - -[0m
[0mGET /public/stylesheets/style.css [33m404 [0m30.934 ms - 5540[0m
[0mGET /semantic/dist/themes/default/assets/fonts/icons.woff2 [36m304 [0m0.356 ms - -[0m
[0mGET /pettycash_view [32m200 [0m92.667 ms - 12187[0m
[0mGET /semantic/dist/semantic.min.css [36m304 [0m1.177 ms - -[0m
[0mGET /semantic/dist/semantic.min.js [36m304 [0m0.913 ms - -[0m
[0mGET /javascripts/jquery-3.1.1.min.js [36m304 [0m3.070 ms - -[0m
[0mGET /javascripts/printThis.js [36m304 [0m2.141 ms - -[0m
[0mGET /bower_components/semantic-ui-calendar/dist/calendar.min.js [36m304 [0m2.722 ms - -[0m
[0mGET /bower_components/semantic-ui-calendar/dist/calendar.min.css [36m304 [0m66.957 ms - -[0m
[0mGET /public/stylesheets/style.css [33m404 [0m65.825 ms - 5540[0m
[0mGET /javascripts/scripts.js [36m304 [0m1.282 ms - -[0m
[0mGET /images/Logo.png [36m304 [0m1.347 ms - -[0m
[0mGET /semantic/dist/themes/default/assets/fonts/icons.woff2 [36m304 [0m0.406 ms - -[0m
[0mGET /employees [32m200 [0m98.236 ms - 9799[0m
[0mGET /semantic/dist/semantic.min.css [36m304 [0m1.152 ms - -[0m
[0mGET /javascripts/jquery-3.1.1.min.js [36m304 [0m1.009 ms - -[0m
[0mGET /semantic/dist/semantic.min.js [36m304 [0m0.647 ms - -[0m
[0mGET /javascripts/printThis.js [36m304 [0m0.460 ms - -[0m
[0mGET /bower_components/semantic-ui-calendar/dist/calendar.min.js [36m304 [0m1.427 ms - -[0m
[0mGET /bower_components/semantic-ui-calendar/dist/calendar.min.css [36m304 [0m50.754 ms - -[0m
[0mGET /public/stylesheets/style.css [33m404 [0m49.062 ms - 5540[0m
[0mGET /images/Logo.png [36m304 [0m0.348 ms - -[0m
[0mGET /public/stylesheets/style.css [33m404 [0m32.481 ms - 5540[0m
[0mGET /semantic/dist/themes/default/assets/fonts/icons.woff2 [36m304 [0m0.713 ms - -[0m
[0mGET /controlpanel [36m304 [0m76.754 ms - -[0m
[0mGET /semantic/dist/semantic.min.css [36m304 [0m31.362 ms - -[0m
[0mGET /javascripts/jquery-3.1.1.min.js [36m304 [0m2.734 ms - -[0m
[0mGET /semantic/dist/semantic.min.js [36m304 [0m2.615 ms - -[0m
[0mGET /javascripts/printThis.js [36m304 [0m2.761 ms - -[0m
[0mGET /bower_components/semantic-ui-calendar/dist/calendar.min.css [36m304 [0m32.485 ms - -[0m
[0mGET /public/stylesheets/style.css [33m404 [0m30.848 ms - 5540[0m
[0mGET /bower_components/semantic-ui-calendar/dist/calendar.min.js [36m304 [0m31.962 ms - -[0m
[0mGET /public/stylesheets/style.css [33m404 [0m26.050 ms - 5540[0m
[0mGET /images/Logo.png [36m304 [0m0.531 ms - -[0m
[0mGET /semantic/dist/themes/default/assets/fonts/icons.woff2 [36m304 [0m0.397 ms - -[0m
[0mGET /BIR [32m200 [0m94.374 ms - 5245[0m
[0mGET /semantic/dist/semantic.min.css [36m304 [0m1.566 ms - -[0m
[0mGET /javascripts/jquery-3.1.1.min.js [36m304 [0m1.528 ms - -[0m
[0mGET /semantic/dist/semantic.min.js [36m304 [0m1.583 ms - -[0m
[0mGET /javascripts/printThis.js [36m304 [0m1.982 ms - -[0m
[0mGET /bower_components/semantic-ui-calendar/dist/calendar.min.js [36m304 [0m1.818 ms - -[0m
[0mGET /bower_components/semantic-ui-calendar/dist/calendar.min.css [36m304 [0m1.562 ms - -[0m
[0mGET /public/stylesheets/style.css [33m404 [0m66.319 ms - 5540[0m
[0mGET /javascripts/updateBIR.js [32m200 [0m57.421 ms - 2715[0m
[0mGET /images/Logo.png [36m304 [0m0.446 ms - -[0m
[0mGET /public/stylesheets/style.css [33m404 [0m37.989 ms - 5540[0m
[0mGET /semantic/dist/themes/default/assets/fonts/icons.woff2 [36m304 [0m0.466 ms - -[0m
[0mGET /controlpanel [36m304 [0m82.819 ms - -[0m
[0mGET /semantic/dist/semantic.min.css [36m304 [0m2.265 ms - -[0m
[0mGET /javascripts/jquery-3.1.1.min.js [36m304 [0m2.215 ms - -[0m
[0mGET /semantic/dist/semantic.min.js [36m304 [0m1.814 ms - -[0m
[0mGET /javascripts/printThis.js [36m304 [0m3.046 ms - -[0m
[0mGET /bower_components/semantic-ui-calendar/dist/calendar.min.js [36m304 [0m2.456 ms - -[0m
[0mGET /bower_components/semantic-ui-calendar/dist/calendar.min.css [36m304 [0m46.833 ms - -[0m
[0mGET /public/stylesheets/style.css [33m404 [0m45.170 ms - 5540[0m
[0mGET /images/Logo.png [36m304 [0m0.403 ms - -[0m
[0mGET /public/stylesheets/style.css [33m404 [0m30.197 ms - 5540[0m
[0mGET /semantic/dist/themes/default/assets/fonts/icons.woff2 [36m304 [0m1.141 ms - -[0m
[0mGET /deleteUser [32m200 [0m84.942 ms - 4750[0m
[0mGET /semantic/dist/semantic.min.css [36m304 [0m2.661 ms - -[0m
[0mGET /javascripts/jquery-3.1.1.min.js [36m304 [0m2.265 ms - -[0m
[0mGET /semantic/dist/semantic.min.js [36m304 [0m0.912 ms - -[0m
[0mGET /javascripts/printThis.js [36m304 [0m0.806 ms - -[0m
[0mGET /bower_components/semantic-ui-calendar/dist/calendar.min.js [36m304 [0m1.811 ms - -[0m
[0mGET /bower_components/semantic-ui-calendar/dist/calendar.min.css [36m304 [0m1.502 ms - -[0m
[0mGET /public/stylesheets/style.css [33m404 [0m66.290 ms - 5540[0m
[0mGET /images/Logo.png [36m304 [0m0.388 ms - -[0m
[0mGET /public/stylesheets/style.css [33m404 [0m40.416 ms - 5540[0m
[0mGET /semantic/dist/themes/default/assets/fonts/icons.woff2 [36m304 [0m0.444 ms - -[0m
[0mGET /controlpanel [36m304 [0m75.703 ms - -[0m
[0mGET /semantic/dist/semantic.min.css [36m304 [0m3.538 ms - -[0m
[0mGET /javascripts/jquery-3.1.1.min.js [36m304 [0m5.932 ms - -[0m
[0mGET /semantic/dist/semantic.min.js [36m304 [0m6.173 ms - -[0m
[0mGET /javascripts/printThis.js [36m304 [0m3.631 ms - -[0m
[0mGET /public/stylesheets/style.css [33m404 [0m49.310 ms - 5540[0m
[0mGET /bower_components/semantic-ui-calendar/dist/calendar.min.js [36m304 [0m50.778 ms - -[0m
[0mGET /bower_components/semantic-ui-calendar/dist/calendar.min.css [36m304 [0m50.883 ms - -[0m
[0mGET /images/Logo.png [36m304 [0m0.632 ms - -[0m
[0mGET /public/stylesheets/style.css [33m404 [0m36.274 ms - 5540[0m
[0mGET /semantic/dist/themes/default/assets/fonts/icons.woff2 [36m304 [0m0.420 ms - -[0m
[0mGET /addUser [32m200 [0m85.965 ms - 4638[0m
[0mGET /semantic/dist/semantic.min.css [36m304 [0m2.435 ms - -[0m
[0mGET /javascripts/jquery-3.1.1.min.js [36m304 [0m1.619 ms - -[0m
[0mGET /semantic/dist/semantic.min.js [36m304 [0m0.985 ms - -[0m
[0mGET /javascripts/printThis.js [36m304 [0m1.395 ms - -[0m
[0mGET /bower_components/semantic-ui-calendar/dist/calendar.min.js [36m304 [0m2.109 ms - -[0m
[0mGET /bower_components/semantic-ui-calendar/dist/calendar.min.css [36m304 [0m51.970 ms - -[0m
[0mGET /public/stylesheets/style.css [33m404 [0m51.126 ms - 5540[0m
[0mGET /javascripts/scripts.js [36m304 [0m0.419 ms - -[0m
[0mGET /images/Logo.png [36m304 [0m0.403 ms - -[0m
[0mGET /public/stylesheets/style.css [33m404 [0m28.649 ms - 5540[0m
[0mGET /semantic/dist/themes/default/assets/fonts/icons.woff2 [36m304 [0m0.469 ms - -[0m
[0mGET /controlpanel [36m304 [0m58.375 ms - -[0m
[0mGET /semantic/dist/semantic.min.css [36m304 [0m4.085 ms - -[0m
[0mGET /javascripts/jquery-3.1.1.min.js [36m304 [0m4.354 ms - -[0m
[0mGET /semantic/dist/semantic.min.js [36m304 [0m3.453 ms - -[0m
[0mGET /javascripts/printThis.js [36m304 [0m2.457 ms - -[0m
[0mGET /bower_components/semantic-ui-calendar/dist/calendar.min.js [36m304 [0m2.834 ms - -[0m
[0mGET /bower_components/semantic-ui-calendar/dist/calendar.min.css [36m304 [0m48.823 ms - -[0m
[0mGET /public/stylesheets/style.css [33m404 [0m46.575 ms - 5540[0m
[0mGET /images/Logo.png [36m304 [0m0.351 ms - -[0m
[0mGET /public/stylesheets/style.css [33m404 [0m24.181 ms - 5540[0m
[0mGET /semantic/dist/themes/default/assets/fonts/icons.woff2 [36m304 [0m0.339 ms - -[0m
[0mGET /PH [32m200 [0m98.646 ms - 7981[0m
[0mGET /semantic/dist/semantic.min.css [36m304 [0m3.799 ms - -[0m
[0mGET /javascripts/jquery-3.1.1.min.js [36m304 [0m3.272 ms - -[0m
[0mGET /bower_components/semantic-ui-calendar/dist/calendar.min.js [36m304 [0m38.749 ms - -[0m
[0mGET /bower_components/semantic-ui-calendar/dist/calendar.min.css [36m304 [0m38.122 ms - -[0m
[0mGET /javascripts/printThis.js [36m304 [0m40.572 ms - -[0m
[0mGET /semantic/dist/semantic.min.js [36m304 [0m41.426 ms - -[0m
[0mGET /public/stylesheets/style.css [33m404 [0m36.054 ms - 5540[0m
[0mGET /public/stylesheets/style.css [33m404 [0m25.168 ms - 5540[0m
[0mGET /images/Logo.png [36m304 [0m0.446 ms - -[0m
[0mGET /semantic/dist/themes/default/assets/fonts/icons.woff2 [36m304 [0m0.446 ms - -[0m
[0mGET /javascripts/updatePH.js [32m200 [0m213.802 ms - 2675[0m
[0mGET / [36m304 [0m56.366 ms - -[0m
[0mGET /semantic/dist/semantic.min.css [36m304 [0m1.946 ms - -[0m
[0mGET /javascripts/jquery-3.1.1.min.js [36m304 [0m1.060 ms - -[0m
[0mGET /semantic/dist/semantic.min.js [36m304 [0m9.329 ms - -[0m
[0mGET /javascripts/printThis.js [36m304 [0m9.180 ms - -[0m
[0mGET /bower_components/semantic-ui-calendar/dist/calendar.min.js [36m304 [0m48.394 ms - -[0m
[0mGET /bower_components/semantic-ui-calendar/dist/calendar.min.css [36m304 [0m45.033 ms - -[0m
[0mGET /public/stylesheets/style.css [33m404 [0m40.179 ms - 5540[0m
[0mGET /images/Logo.png [36m304 [0m0.425 ms - -[0m
[0mGET /icons/main_menu/employee_white.png [36m304 [0m0.403 ms - -[0m
[0mGET /icons/main_menu/payslip.png [36m304 [0m0.601 ms - -[0m
[0mGET /icons/main_menu/settings.png [36m304 [0m0.402 ms - -[0m
[0mGET /icons/main_menu/receipt1.png [36m304 [0m0.455 ms - -[0m
[0mGET /public/stylesheets/style.css [33m404 [0m30.262 ms - 5540[0m
[0mGET /icons/main_menu/check_voucher1.png [36m304 [0m1.518 ms - -[0m
[0mGET /icons/main_menu/petty_cash.png [36m304 [0m0.464 ms - -[0m
[0mGET /semantic/dist/themes/default/assets/fonts/icons.woff2 [36m304 [0m0.376 ms - -[0m
[0mGET /employees [36m304 [0m52.639 ms - -[0m
[0mGET /semantic/dist/semantic.min.css [36m304 [0m1.505 ms - -[0m
[0mGET /javascripts/jquery-3.1.1.min.js [36m304 [0m10.407 ms - -[0m
[0mGET /semantic/dist/semantic.min.js [36m304 [0m8.859 ms - -[0m
[0mGET /javascripts/printThis.js [36m304 [0m7.863 ms - -[0m
[0mGET /bower_components/semantic-ui-calendar/dist/calendar.min.js [36m304 [0m10.286 ms - -[0m
[0mGET /bower_components/semantic-ui-calendar/dist/calendar.min.css [36m304 [0m35.286 ms - -[0m
[0mGET /public/stylesheets/style.css [33m404 [0m34.245 ms - 5540[0m
[0mGET /images/Logo.png [36m304 [0m0.487 ms - -[0m
[0mGET /public/stylesheets/style.css [33m404 [0m28.910 ms - 5540[0m
[0mGET /semantic/dist/themes/default/assets/fonts/icons.woff2 [36m304 [0m0.501 ms - -[0m
