js-bson: Failed to load c++ bson extension, using pure JS version
Mon, 08 May 2017 05:23:24 GMT express-session deprecated undefined resave option; provide resave option at app.js:42:9
Mon, 08 May 2017 05:23:24 GMT express-session deprecated undefined saveUninitialized option; provide saveUninitialized option at app.js:42:9
events.js:160
      throw er; // Unhandled 'error' event
      ^

Error: listen EADDRINUSE :::8000
    at Object.exports._errnoException (util.js:1018:11)
    at exports._exceptionWithHostPort (util.js:1041:20)
    at Server._listen2 (net.js:1262:14)
    at listen (net.js:1298:10)
    at Server.listen (net.js:1394:5)
    at Object.<anonymous> (C:\Users\Asus\Documents\ApplesAndBerries\app.js:25:5)
    at Module._compile (module.js:570:32)
    at Object.Module._extensions..js (module.js:579:10)
    at Module.load (module.js:487:32)
    at tryModuleLoad (module.js:446:12)
    at Function.Module._load (module.js:438:3)
    at Module.runMain (module.js:604:10)
    at run (bootstrap_node.js:393:7)
    at startup (bootstrap_node.js:150:9)
    at bootstrap_node.js:508:3
js-bson: Failed to load c++ bson extension, using pure JS version
Mon, 08 May 2017 05:23:29 GMT express-session deprecated undefined resave option; provide resave option at app.js:42:9
Mon, 08 May 2017 05:23:29 GMT express-session deprecated undefined saveUninitialized option; provide saveUninitialized option at app.js:42:9
events.js:160
      throw er; // Unhandled 'error' event
      ^

Error: listen EADDRINUSE :::8000
    at Object.exports._errnoException (util.js:1018:11)
    at exports._exceptionWithHostPort (util.js:1041:20)
    at Server._listen2 (net.js:1262:14)
    at listen (net.js:1298:10)
    at Server.listen (net.js:1394:5)
    at Object.<anonymous> (C:\Users\Asus\Documents\ApplesAndBerries\app.js:25:5)
    at Module._compile (module.js:570:32)
    at Object.Module._extensions..js (module.js:579:10)
    at Module.load (module.js:487:32)
    at tryModuleLoad (module.js:446:12)
    at Function.Module._load (module.js:438:3)
    at Module.runMain (module.js:604:10)
    at run (bootstrap_node.js:393:7)
    at startup (bootstrap_node.js:150:9)
    at bootstrap_node.js:508:3
js-bson: Failed to load c++ bson extension, using pure JS version
Mon, 08 May 2017 05:23:34 GMT express-session deprecated undefined resave option; provide resave option at app.js:42:9
Mon, 08 May 2017 05:23:34 GMT express-session deprecated undefined saveUninitialized option; provide saveUninitialized option at app.js:42:9
events.js:160
      throw er; // Unhandled 'error' event
      ^

Error: listen EADDRINUSE :::8000
    at Object.exports._errnoException (util.js:1018:11)
    at exports._exceptionWithHostPort (util.js:1041:20)
    at Server._listen2 (net.js:1262:14)
    at listen (net.js:1298:10)
    at Server.listen (net.js:1394:5)
    at Object.<anonymous> (C:\Users\Asus\Documents\ApplesAndBerries\app.js:25:5)
    at Module._compile (module.js:570:32)
    at Object.Module._extensions..js (module.js:579:10)
    at Module.load (module.js:487:32)
    at tryModuleLoad (module.js:446:12)
    at Function.Module._load (module.js:438:3)
    at Module.runMain (module.js:604:10)
    at run (bootstrap_node.js:393:7)
    at startup (bootstrap_node.js:150:9)
    at bootstrap_node.js:508:3
C:\Users\Asus\AppData\Roaming\npm\node_modules\qckwinsvc\node_modules\node-windows\lib\wrapper.js:177
    child.send('shutdown');
         ^

TypeError: Cannot read property 'send' of null
    at process.killkid (C:\Users\Asus\AppData\Roaming\npm\node_modules\qckwinsvc\node_modules\node-windows\lib\wrapper.js:177:10)
    at emitOne (events.js:96:13)
    at process.emit (events.js:188:7)
    at process.exit (internal/process.js:164:15)
    at monitor (C:\Users\Asus\AppData\Roaming\npm\node_modules\qckwinsvc\node_modules\node-windows\lib\wrapper.js:99:17)
    at ChildProcess.<anonymous> (C:\Users\Asus\AppData\Roaming\npm\node_modules\qckwinsvc\node_modules\node-windows\lib\wrapper.js:170:5)
    at emitTwo (events.js:106:13)
    at ChildProcess.emit (events.js:191:7)
    at Process.ChildProcess._handle.onexit (internal/child_process.js:215:12)
js-bson: Failed to load c++ bson extension, using pure JS version
Tue, 09 May 2017 06:37:39 GMT express-session deprecated undefined resave option; provide resave option at app.js:42:9
Tue, 09 May 2017 06:37:39 GMT express-session deprecated undefined saveUninitialized option; provide saveUninitialized option at app.js:42:9
Tue, 09 May 2017 09:58:53 GMT express deprecated res.send(status): Use res.sendStatus(status) instead at routes\login.js:62:8
js-bson: Failed to load c++ bson extension, using pure JS version
Wed, 10 May 2017 11:46:03 GMT express-session deprecated undefined resave option; provide resave option at app.js:42:9
Wed, 10 May 2017 11:46:03 GMT express-session deprecated undefined saveUninitialized option; provide saveUninitialized option at app.js:42:9
FATAL ERROR: CALL_AND_RETRY_LAST Allocation failed - JavaScript heap out of memory
js-bson: Failed to load c++ bson extension, using pure JS version
Wed, 10 May 2017 14:04:01 GMT express-session deprecated undefined resave option; provide resave option at app.js:42:9
Wed, 10 May 2017 14:04:01 GMT express-session deprecated undefined saveUninitialized option; provide saveUninitialized option at app.js:42:9
