2017-03-03 15:22:48 - Starting C:\Program Files\nodejs\node.exe  --harmony C:\Users\AF\AppData\Roaming\npm\node_modules\qckwinsvc\node_modules\node-windows\lib\wrapper.js --file "C:\Users\AF\Documents\CS Subjects\CS 192\Project\app.js" --log "Start-On-Boot-App wrapper" --grow 0.25 --wait 1 --maxrestarts 3 --abortonerror n --stopparentfirst undefined
2017-03-03 15:22:48 - Started 4708
2017-03-03 15:52:44 - Stopping startonbootapp.exe
2017-03-03 15:52:45 - ProcessKill 4708
2017-03-03 15:52:51 - Shutdown exception
Message:The type initializer for 'System.Management.ManagementPath' threw an exception.
Stacktrace:   at System.Management.ManagementScope._Clone(ManagementScope scope, IdentifierChangedEventHandler handler)
   at System.Management.ManagementObjectSearcher..ctor(ManagementScope scope, ObjectQuery query, EnumerationOptions options)
   at winsw.WrapperService.GetChildPids(Int32 pid)
   at winsw.WrapperService.StopProcessAndChildren(Int32 pid)
   at winsw.WrapperService.StopIt()
   at winsw.WrapperService.OnShutdown()
2017-03-03 15:54:03 - Starting C:\Program Files\nodejs\node.exe  --harmony C:\Users\AF\AppData\Roaming\npm\node_modules\qckwinsvc\node_modules\node-windows\lib\wrapper.js --file "C:\Users\AF\Documents\CS Subjects\CS 192\Project\app.js" --log "Start-On-Boot-App wrapper" --grow 0.25 --wait 1 --maxrestarts 3 --abortonerror n --stopparentfirst undefined
2017-03-03 15:54:05 - Started 5792
2017-03-03 22:15:51 - Stopping startonbootapp.exe
2017-03-03 22:15:51 - ProcessKill 5792
2017-03-03 22:16:01 - Shutdown exception
Message:The type initializer for 'System.Management.ManagementPath' threw an exception.
Stacktrace:   at System.Management.ManagementScope._Clone(ManagementScope scope, IdentifierChangedEventHandler handler)
   at System.Management.ManagementObjectSearcher..ctor(ManagementScope scope, ObjectQuery query, EnumerationOptions options)
   at winsw.WrapperService.GetChildPids(Int32 pid)
   at winsw.WrapperService.StopProcessAndChildren(Int32 pid)
   at winsw.WrapperService.StopIt()
   at winsw.WrapperService.OnShutdown()
2017-03-03 22:17:00 - Starting C:\Program Files\nodejs\node.exe  --harmony C:\Users\AF\AppData\Roaming\npm\node_modules\qckwinsvc\node_modules\node-windows\lib\wrapper.js --file "C:\Users\AF\Documents\CS Subjects\CS 192\Project\app.js" --log "Start-On-Boot-App wrapper" --grow 0.25 --wait 1 --maxrestarts 3 --abortonerror n --stopparentfirst undefined
2017-03-03 22:17:01 - Started 5056
2017-03-04 19:03:22 - Stopping startonbootapp.exe
2017-03-04 19:03:22 - ProcessKill 5056
2017-03-04 19:03:24 - Found child process: 5012 Name: conhost.exe
2017-03-04 19:03:24 - Found child process: 5832 Name: node.exe
2017-03-04 19:03:24 - Stopping process 5012
2017-03-04 19:03:25 - Send SIGINT 5012
2017-03-04 19:03:25 - SIGINT to 5012 failed - Killing as fallback
2017-03-04 19:03:25 - Stopping process 5832
2017-03-04 19:03:25 - Send SIGINT 5832
2017-03-04 19:03:25 - SIGINT to 5832 failed - Killing as fallback
2017-03-04 19:03:25 - Stopping process 5056
2017-03-04 19:03:25 - Send SIGINT 5056
2017-03-04 19:03:25 - SIGINT to 5056 failed - Killing as fallback
2017-03-04 19:03:25 - Finished startonbootapp.exe
