{"level":"info","message":"Payslip Issued","timestamp":"2017-02-27T12:39:43.951Z"}
{"issuedBy":"edrichhans","level":"info","message":"Payslip Issued","timestamp":"2017-02-27T12:40:13.612Z"}
{"issuedBy":"edrichhans","level":"info","message":"Payslip Issued","timestamp":"2017-02-27T12:50:25.933Z"}
{"issuedBy":"edrichhans","issuedToEID":"6","level":"info","message":"Payslip Issued","timestamp":"2017-02-27T12:55:11.219Z"}
{"issuedBy":"edrichhans","issuedToEID":"6","level":"info","message":"Payslip Issued","timestamp":"2017-02-28T00:37:43.155Z"}
{"issuedBy":"edrichhans","issuedTo":"zdvcsd","level":"info","message":"Petty Cash Issued","timestamp":"2017-02-28T02:06:46.374Z"}
{"issuedBy":"edrichhans","issuedTo":"qwdfsgs","level":"info","message":"Acknowledgement Receipt Issued","timestamp":"2017-02-28T02:27:32.283Z"}
{"issuedBy":"edrichhans","issuedTo":"6","level":"info","message":"Payslip Issued","timestamp":"2017-02-28T11:41:06.396Z"}
{"level":"info","message":"Payslip Issued","timestamp":"2017-03-01T16:11:29.199Z"}
{"level":"info","message":"Payslip Issued","timestamp":"2017-03-02T09:09:22.610Z"}
{"level":"info","message":"Payslip Issued","timestamp":"2017-03-02T09:12:17.189Z"}
{"level":"info","message":"Payslip Issued","timestamp":"2017-03-02T09:13:14.020Z"}
{"level":"info","message":"Payslip Issued","timestamp":"2017-03-02T09:13:49.748Z"}
{"level":"info","message":"Payslip Issued","timestamp":"2017-03-02T09:14:23.168Z"}
{"level":"info","message":"Payslip Issued","timestamp":"2017-03-02T09:15:09.765Z"}
{"level":"info","message":"Payslip Issued","timestamp":"2017-03-02T09:15:30.916Z"}
{"level":"info","message":"Payslip Issued","timestamp":"2017-03-02T09:16:39.873Z"}
{"level":"info","message":"Payslip Issued","timestamp":"2017-03-02T09:17:23.269Z"}
{"level":"info","message":"Payslip Issued","timestamp":"2017-03-02T09:21:42.614Z"}
{"level":"info","message":"Payslip Issued","timestamp":"2017-03-02T09:22:20.414Z"}
{"level":"info","message":"Payslip Issued","timestamp":"2017-03-02T09:34:33.312Z"}
{"level":"info","message":"Payslip Issued","timestamp":"2017-03-02T09:37:42.796Z"}
{"level":"info","message":"Payslip Issued","timestamp":"2017-03-02T09:43:13.260Z"}
{"level":"info","message":"Payslip Issued","timestamp":"2017-03-02T09:44:17.916Z"}
{"level":"info","message":"Payslip Issued","timestamp":"2017-03-02T09:44:25.016Z"}
{"level":"info","message":"Payslip Issued","timestamp":"2017-03-02T09:44:44.705Z"}
{"level":"info","message":"Payslip Issued","timestamp":"2017-03-02T09:45:21.052Z"}
{"level":"info","message":"Payslip Issued","timestamp":"2017-03-02T09:45:46.942Z"}
{"level":"info","message":"Payslip Issued","timestamp":"2017-03-02T09:46:10.739Z"}
{"level":"info","message":"Payslip Issued","timestamp":"2017-03-02T10:09:45.212Z"}
{"level":"info","message":"Payslip Issued","timestamp":"2017-03-02T10:10:11.055Z"}
{"level":"info","message":"Payslip Issued","timestamp":"2017-03-02T10:11:30.720Z"}
{"level":"info","message":"Payslip Issued","timestamp":"2017-03-02T10:32:54.228Z"}
{"level":"info","message":"Payslip Issued","timestamp":"2017-03-02T10:35:03.168Z"}
{"level":"info","message":"Payslip Issued","timestamp":"2017-03-02T10:37:33.525Z"}
{"level":"info","message":"Payslip Issued","timestamp":"2017-03-02T10:44:08.107Z"}
{"level":"info","message":"Payslip Issued","timestamp":"2017-03-02T10:59:19.122Z"}
{"level":"info","message":"Payslip Issued","timestamp":"2017-03-02T11:00:31.333Z"}
{"level":"info","message":"Payslip Issued","timestamp":"2017-03-02T11:02:04.281Z"}
{"level":"info","message":"Payslip Issued","timestamp":"2017-03-02T11:03:16.762Z"}
{"level":"info","message":"Payslip Issued","timestamp":"2017-03-02T11:03:53.865Z"}
{"level":"info","message":"Payslip Issued","timestamp":"2017-03-02T11:04:13.743Z"}
{"level":"info","message":"Payslip Issued","timestamp":"2017-03-02T11:05:13.281Z"}
{"level":"info","message":"Payslip Issued","timestamp":"2017-03-02T11:06:48.261Z"}
{"level":"info","message":"Payslip Issued","timestamp":"2017-03-02T11:07:33.716Z"}
{"level":"info","message":"Payslip Issued","timestamp":"2017-03-02T15:03:43.660Z"}
{"level":"info","message":"Payslip Issued","timestamp":"2017-03-03T14:59:58.372Z"}
{"level":"info","message":"Payslip Issued","timestamp":"2017-03-03T15:00:27.854Z"}
{"level":"info","message":"Payslip Issued","timestamp":"2017-03-03T15:25:38.322Z"}
{"level":"info","message":"Payslip Issued","timestamp":"2017-03-03T15:34:32.499Z"}
{"level":"info","message":"Payslip Issued","timestamp":"2017-03-03T15:36:14.706Z"}
{"level":"info","message":"Payslip Issued","timestamp":"2017-03-03T15:44:17.923Z"}
{"level":"info","message":"Payslip Issued","timestamp":"2017-03-03T15:45:48.434Z"}
{"level":"info","message":"Payslip Issued","timestamp":"2017-03-03T15:46:03.150Z"}
{"level":"info","message":"Payslip Issued","timestamp":"2017-03-03T15:49:07.145Z"}
{"level":"info","message":"Payslip Issued","timestamp":"2017-03-03T15:50:50.776Z"}
{"issuedTo":6,"level":"info","message":"Payslip Issued","timestamp":"2017-03-03T15:55:06.839Z"}
{"issuedTo":6,"level":"info","message":"Payslip Issued","timestamp":"2017-03-03T15:56:29.821Z"}
{"issuedTo":6,"level":"info","message":"Payslip Issued","timestamp":"2017-03-03T15:57:08.755Z"}
{"issuedTo":6,"level":"info","message":"Payslip Issued","timestamp":"2017-03-03T15:57:52.618Z"}
{"issuedTo":6,"level":"info","message":"Payslip Issued","timestamp":"2017-03-03T15:58:47.502Z"}
{"issuedTo":6,"level":"info","message":"Payslip Issued","timestamp":"2017-03-03T16:00:04.717Z"}
{"issuedTo":6,"level":"info","message":"Payslip Issued","timestamp":"2017-03-03T16:00:22.687Z"}
{"issuedTo":6,"level":"info","message":"Payslip Issued","timestamp":"2017-03-03T16:04:57.856Z"}
{"issuedTo":6,"level":"info","message":"Payslip Issued","timestamp":"2017-03-03T16:05:22.284Z"}
{"issuedTo":6,"level":"info","message":"Payslip Issued","timestamp":"2017-03-03T16:13:21.744Z"}
{"issuedTo":6,"level":"info","message":"Payslip Issued","timestamp":"2017-03-03T16:13:47.624Z"}
{"issuedTo":6,"level":"info","message":"Payslip Issued","timestamp":"2017-03-03T16:18:16.146Z"}
{"issuedTo":6,"level":"info","message":"Payslip Issued","timestamp":"2017-03-03T16:19:29.358Z"}
{"issuedTo":6,"level":"info","message":"Payslip Issued","timestamp":"2017-03-03T16:20:37.860Z"}
{"issuedTo":6,"level":"info","message":"Payslip Issued","timestamp":"2017-03-03T16:21:18.394Z"}
{"issuedTo":6,"level":"info","message":"Payslip Issued","timestamp":"2017-03-03T16:25:34.524Z"}
{"issuedTo":6,"level":"info","message":"Payslip Issued","timestamp":"2017-03-03T16:29:02.870Z"}
{"issuedTo":6,"level":"info","message":"Payslip Issued","timestamp":"2017-03-03T16:29:51.638Z"}
{"issuedTo":6,"level":"info","message":"Payslip Issued","timestamp":"2017-03-03T16:30:08.076Z"}
{"issuedTo":6,"level":"info","message":"Payslip Issued","timestamp":"2017-03-03T16:30:53.722Z"}
{"issuedTo":6,"level":"info","message":"Payslip Issued","timestamp":"2017-03-03T16:32:44.549Z"}
{"issuedTo":6,"level":"info","message":"Payslip Issued","timestamp":"2017-03-03T16:33:25.351Z"}
{"issuedTo":6,"level":"info","message":"Payslip Issued","timestamp":"2017-03-03T16:34:12.013Z"}
{"issuedTo":6,"level":"info","message":"Payslip Issued","timestamp":"2017-03-03T16:34:41.630Z"}
{"issuedTo":6,"level":"info","message":"Payslip Issued","timestamp":"2017-03-03T16:44:51.150Z"}
{"issuedTo":6,"level":"info","message":"Payslip Issued","timestamp":"2017-03-03T16:45:41.168Z"}
{"issuedTo":6,"level":"info","message":"Payslip Issued","timestamp":"2017-03-03T16:48:37.438Z"}
{"issuedTo":6,"level":"info","message":"Payslip Issued","timestamp":"2017-03-03T16:49:09.061Z"}
{"issuedTo":6,"level":"info","message":"Payslip Issued","timestamp":"2017-03-03T16:52:02.301Z"}
{"issuedTo":6,"level":"info","message":"Payslip Issued","timestamp":"2017-03-03T17:40:16.475Z"}
{"issuedTo":6,"level":"info","message":"Payslip Issued","timestamp":"2017-03-03T17:48:01.547Z"}
{"issuedTo":6,"level":"info","message":"Payslip Issued","timestamp":"2017-03-03T17:49:39.824Z"}
{"issuedTo":6,"level":"info","message":"Payslip Issued","timestamp":"2017-03-03T17:52:07.926Z"}
{"issuedTo":6,"level":"info","message":"Payslip Issued","timestamp":"2017-03-03T17:53:14.979Z"}
{"issuedTo":6,"level":"info","message":"Payslip Issued","timestamp":"2017-03-03T17:54:41.565Z"}
{"issuedTo":6,"level":"info","message":"Payslip Issued","timestamp":"2017-03-04T02:39:26.985Z"}
